{"/Users/nahuel.scotti/code/singuerinc/x/artstagram/src/Sorting.ts": {"path":"/Users/nahuel.scotti/code/singuerinc/x/artstagram/src/Sorting.ts","statementMap":{"0":{"start":{"line":2,"column":0},"end":{"line":2,"column":62}},"1":{"start":{"line":4,"column":0},"end":{"line":9,"column":56}},"2":{"start":{"line":5,"column":4},"end":{"line":5,"column":39}},"3":{"start":{"line":6,"column":4},"end":{"line":6,"column":33}},"4":{"start":{"line":7,"column":4},"end":{"line":7,"column":31}},"5":{"start":{"line":8,"column":4},"end":{"line":8,"column":37}}},"fnMap":{"0":{"name":"(anonymous_0)","decl":{"start":{"line":4,"column":1},"end":{"line":4,"column":2}},"loc":{"start":{"line":4,"column":20},"end":{"line":9,"column":1}},"line":4}},"branchMap":{"0":{"loc":{"start":{"line":9,"column":13},"end":{"line":9,"column":54}},"type":"binary-expr","locations":[{"start":{"line":9,"column":13},"end":{"line":9,"column":28}},{"start":{"line":9,"column":33},"end":{"line":9,"column":53}}],"line":9}},"s":{"0":1,"1":1,"2":1,"3":1,"4":1,"5":1},"f":{"0":1},"b":{"0":[1,1]},"_coverageSchema":"332fd63041d2c1bcb487cc26dd0d5f7d97098a6c","hash":"4385111df4c6e2c7a44d9642fad9739f1ed319a1"}
,"/Users/nahuel.scotti/code/singuerinc/x/artstagram/src/setupTests.ts": {"path":"/Users/nahuel.scotti/code/singuerinc/x/artstagram/src/setupTests.ts","statementMap":{"0":{"start":{"line":2,"column":0},"end":{"line":2,"column":62}},"1":{"start":{"line":3,"column":13},"end":{"line":3,"column":30}},"2":{"start":{"line":4,"column":14},"end":{"line":4,"column":48}},"3":{"start":{"line":5,"column":0},"end":{"line":5,"column":45}}},"fnMap":{},"branchMap":{},"s":{"0":9,"1":9,"2":9,"3":9},"f":{},"b":{},"_coverageSchema":"332fd63041d2c1bcb487cc26dd0d5f7d97098a6c","hash":"091635d248853214f5a54a3a3ffe0a616d8defc9"}
,"/Users/nahuel.scotti/code/singuerinc/x/artstagram/src/components/Feed.tsx": {"path":"/Users/nahuel.scotti/code/singuerinc/x/artstagram/src/components/Feed.tsx","statementMap":{"0":{"start":{"line":2,"column":16},"end":{"line":14,"column":4}},"1":{"start":{"line":3,"column":24},"end":{"line":8,"column":5}},"2":{"start":{"line":4,"column":8},"end":{"line":6,"column":87}},"3":{"start":{"line":5,"column":69},"end":{"line":5,"column":85}},"4":{"start":{"line":6,"column":30},"end":{"line":6,"column":84}},"5":{"start":{"line":6,"column":47},"end":{"line":6,"column":84}},"6":{"start":{"line":6,"column":72},"end":{"line":6,"column":84}},"7":{"start":{"line":7,"column":8},"end":{"line":7,"column":35}},"8":{"start":{"line":9,"column":4},"end":{"line":13,"column":6}},"9":{"start":{"line":10,"column":8},"end":{"line":10,"column":28}},"10":{"start":{"line":11,"column":24},"end":{"line":11,"column":45}},"11":{"start":{"line":12,"column":8},"end":{"line":12,"column":93}},"12":{"start":{"line":15,"column":27},"end":{"line":18,"column":1}},"13":{"start":{"line":16,"column":4},"end":{"line":16,"column":115}},"14":{"start":{"line":16,"column":33},"end":{"line":16,"column":86}},"15":{"start":{"line":16,"column":96},"end":{"line":16,"column":113}},"16":{"start":{"line":17,"column":4},"end":{"line":17,"column":18}},"17":{"start":{"line":19,"column":16},"end":{"line":26,"column":1}},"18":{"start":{"line":20,"column":4},"end":{"line":25,"column":7}},"19":{"start":{"line":21,"column":36},"end":{"line":21,"column":97}},"20":{"start":{"line":21,"column":42},"end":{"line":21,"column":70}},"21":{"start":{"line":21,"column":85},"end":{"line":21,"column":95}},"22":{"start":{"line":22,"column":35},"end":{"line":22,"column":100}},"23":{"start":{"line":22,"column":41},"end":{"line":22,"column":73}},"24":{"start":{"line":22,"column":88},"end":{"line":22,"column":98}},"25":{"start":{"line":23,"column":32},"end":{"line":23,"column":149}},"26":{"start":{"line":23,"column":97},"end":{"line":23,"column":119}},"27":{"start":{"line":24,"column":8},"end":{"line":24,"column":78}},"28":{"start":{"line":27,"column":18},"end":{"line":53,"column":1}},"29":{"start":{"line":28,"column":12},"end":{"line":28,"column":104}},"30":{"start":{"line":28,"column":43},"end":{"line":28,"column":68}},"31":{"start":{"line":28,"column":57},"end":{"line":28,"column":68}},"32":{"start":{"line":28,"column":69},"end":{"line":28,"column":81}},"33":{"start":{"line":29,"column":4},"end":{"line":29,"column":157}},"34":{"start":{"line":29,"column":138},"end":{"line":29,"column":150}},"35":{"start":{"line":30,"column":23},"end":{"line":30,"column":68}},"36":{"start":{"line":30,"column":45},"end":{"line":30,"column":65}},"37":{"start":{"line":32,"column":8},"end":{"line":32,"column":70}},"38":{"start":{"line":32,"column":15},"end":{"line":32,"column":70}},"39":{"start":{"line":33,"column":8},"end":{"line":50,"column":66}},"40":{"start":{"line":33,"column":18},"end":{"line":50,"column":66}},"41":{"start":{"line":34,"column":12},"end":{"line":34,"column":169}},"42":{"start":{"line":34,"column":160},"end":{"line":34,"column":169}},"43":{"start":{"line":35,"column":12},"end":{"line":35,"column":52}},"44":{"start":{"line":35,"column":26},"end":{"line":35,"column":52}},"45":{"start":{"line":36,"column":12},"end":{"line":48,"column":13}},"46":{"start":{"line":37,"column":32},"end":{"line":37,"column":39}},"47":{"start":{"line":37,"column":40},"end":{"line":37,"column":46}},"48":{"start":{"line":38,"column":24},"end":{"line":38,"column":34}},"49":{"start":{"line":38,"column":35},"end":{"line":38,"column":72}},"50":{"start":{"line":39,"column":24},"end":{"line":39,"column":34}},"51":{"start":{"line":39,"column":35},"end":{"line":39,"column":45}},"52":{"start":{"line":39,"column":46},"end":{"line":39,"column":55}},"53":{"start":{"line":39,"column":56},"end":{"line":39,"column":65}},"54":{"start":{"line":40,"column":24},"end":{"line":40,"column":41}},"55":{"start":{"line":40,"column":42},"end":{"line":40,"column":55}},"56":{"start":{"line":40,"column":56},"end":{"line":40,"column":65}},"57":{"start":{"line":42,"column":20},"end":{"line":42,"column":128}},"58":{"start":{"line":42,"column":110},"end":{"line":42,"column":116}},"59":{"start":{"line":42,"column":117},"end":{"line":42,"column":126}},"60":{"start":{"line":43,"column":20},"end":{"line":43,"column":106}},"61":{"start":{"line":43,"column":81},"end":{"line":43,"column":97}},"62":{"start":{"line":43,"column":98},"end":{"line":43,"column":104}},"63":{"start":{"line":44,"column":20},"end":{"line":44,"column":89}},"64":{"start":{"line":44,"column":57},"end":{"line":44,"column":72}},"65":{"start":{"line":44,"column":73},"end":{"line":44,"column":80}},"66":{"start":{"line":44,"column":81},"end":{"line":44,"column":87}},"67":{"start":{"line":45,"column":20},"end":{"line":45,"column":87}},"68":{"start":{"line":45,"column":47},"end":{"line":45,"column":62}},"69":{"start":{"line":45,"column":63},"end":{"line":45,"column":78}},"70":{"start":{"line":45,"column":79},"end":{"line":45,"column":85}},"71":{"start":{"line":46,"column":20},"end":{"line":46,"column":42}},"72":{"start":{"line":46,"column":30},"end":{"line":46,"column":42}},"73":{"start":{"line":47,"column":20},"end":{"line":47,"column":33}},"74":{"start":{"line":47,"column":34},"end":{"line":47,"column":43}},"75":{"start":{"line":49,"column":12},"end":{"line":49,"column":39}},"76":{"start":{"line":50,"column":22},"end":{"line":50,"column":34}},"77":{"start":{"line":50,"column":35},"end":{"line":50,"column":41}},"78":{"start":{"line":50,"column":54},"end":{"line":50,"column":64}},"79":{"start":{"line":51,"column":8},"end":{"line":51,"column":35}},"80":{"start":{"line":51,"column":23},"end":{"line":51,"column":35}},"81":{"start":{"line":51,"column":36},"end":{"line":51,"column":89}},"82":{"start":{"line":54,"column":0},"end":{"line":54,"column":62}},"83":{"start":{"line":55,"column":16},"end":{"line":55,"column":36}},"84":{"start":{"line":56,"column":0},"end":{"line":56,"column":35}},"85":{"start":{"line":57,"column":12},"end":{"line":57,"column":28}},"86":{"start":{"line":58,"column":23},"end":{"line":58,"column":48}},"87":{"start":{"line":59,"column":26},"end":{"line":59,"column":54}},"88":{"start":{"line":60,"column":12},"end":{"line":60,"column":38}},"89":{"start":{"line":61,"column":21},"end":{"line":61,"column":55}},"90":{"start":{"line":62,"column":17},"end":{"line":62,"column":47}},"91":{"start":{"line":63,"column":15},"end":{"line":63,"column":49}},"92":{"start":{"line":63,"column":30},"end":{"line":63,"column":47}},"93":{"start":{"line":64,"column":13},"end":{"line":68,"column":1}},"94":{"start":{"line":65,"column":4},"end":{"line":67,"column":7}},"95":{"start":{"line":66,"column":8},"end":{"line":66,"column":94}},"96":{"start":{"line":66,"column":48},"end":{"line":66,"column":73}},"97":{"start":{"line":69,"column":26},"end":{"line":143,"column":18}},"98":{"start":{"line":70,"column":4},"end":{"line":70,"column":28}},"99":{"start":{"line":72,"column":20},"end":{"line":72,"column":76}},"100":{"start":{"line":73,"column":8},"end":{"line":76,"column":10}},"101":{"start":{"line":77,"column":8},"end":{"line":91,"column":17}},"102":{"start":{"line":77,"column":46},"end":{"line":91,"column":14}},"103":{"start":{"line":77,"column":83},"end":{"line":91,"column":11}},"104":{"start":{"line":79,"column":12},"end":{"line":90,"column":15}},"105":{"start":{"line":80,"column":16},"end":{"line":89,"column":17}},"106":{"start":{"line":82,"column":24},"end":{"line":82,"column":42}},"107":{"start":{"line":83,"column":24},"end":{"line":83,"column":78}},"108":{"start":{"line":85,"column":24},"end":{"line":85,"column":46}},"109":{"start":{"line":86,"column":24},"end":{"line":86,"column":94}},"110":{"start":{"line":87,"column":24},"end":{"line":87,"column":41}},"111":{"start":{"line":88,"column":24},"end":{"line":88,"column":61}},"112":{"start":{"line":92,"column":8},"end":{"line":92,"column":21}},"113":{"start":{"line":94,"column":4},"end":{"line":113,"column":6}},"114":{"start":{"line":95,"column":8},"end":{"line":112,"column":11}},"115":{"start":{"line":97,"column":12},"end":{"line":111,"column":15}},"116":{"start":{"line":98,"column":16},"end":{"line":110,"column":17}},"117":{"start":{"line":100,"column":24},"end":{"line":100,"column":47}},"118":{"start":{"line":101,"column":24},"end":{"line":101,"column":53}},"119":{"start":{"line":102,"column":24},"end":{"line":102,"column":83}},"120":{"start":{"line":104,"column":24},"end":{"line":104,"column":43}},"121":{"start":{"line":105,"column":24},"end":{"line":108,"column":31}},"122":{"start":{"line":105,"column":61},"end":{"line":108,"column":27}},"123":{"start":{"line":109,"column":24},"end":{"line":109,"column":46}},"124":{"start":{"line":114,"column":4},"end":{"line":141,"column":6}},"125":{"start":{"line":115,"column":20},"end":{"line":115,"column":24}},"126":{"start":{"line":116,"column":17},"end":{"line":116,"column":27}},"127":{"start":{"line":116,"column":36},"end":{"line":116,"column":43}},"128":{"start":{"line":116,"column":54},"end":{"line":116,"column":63}},"129":{"start":{"line":117,"column":17},"end":{"line":117,"column":27}},"130":{"start":{"line":117,"column":36},"end":{"line":117,"column":43}},"131":{"start":{"line":117,"column":55},"end":{"line":117,"column":65}},"132":{"start":{"line":118,"column":24},"end":{"line":118,"column":39}},"133":{"start":{"line":119,"column":8},"end":{"line":123,"column":9}},"134":{"start":{"line":120,"column":12},"end":{"line":122,"column":73}},"135":{"start":{"line":124,"column":8},"end":{"line":140,"column":27}},"136":{"start":{"line":125,"column":40},"end":{"line":125,"column":141}},"137":{"start":{"line":126,"column":83},"end":{"line":140,"column":19}},"138":{"start":{"line":128,"column":20},"end":{"line":139,"column":23}},"139":{"start":{"line":129,"column":24},"end":{"line":138,"column":25}},"140":{"start":{"line":130,"column":36},"end":{"line":130,"column":99}},"141":{"start":{"line":132,"column":32},"end":{"line":132,"column":51}},"142":{"start":{"line":133,"column":32},"end":{"line":136,"column":39}},"143":{"start":{"line":133,"column":68},"end":{"line":136,"column":35}},"144":{"start":{"line":137,"column":32},"end":{"line":137,"column":54}},"145":{"start":{"line":142,"column":4},"end":{"line":142,"column":16}},"146":{"start":{"line":144,"column":0},"end":{"line":144,"column":20}},"147":{"start":{"line":145,"column":20},"end":{"line":145,"column":399}},"148":{"start":{"line":146,"column":0},"end":{"line":146,"column":38}}},"fnMap":{"0":{"name":"(anonymous_0)","decl":{"start":{"line":2,"column":45},"end":{"line":2,"column":46}},"loc":{"start":{"line":2,"column":57},"end":{"line":14,"column":1}},"line":2},"1":{"name":"(anonymous_1)","decl":{"start":{"line":3,"column":24},"end":{"line":3,"column":25}},"loc":{"start":{"line":3,"column":40},"end":{"line":8,"column":5}},"line":3},"2":{"name":"(anonymous_2)","decl":{"start":{"line":5,"column":51},"end":{"line":5,"column":52}},"loc":{"start":{"line":5,"column":67},"end":{"line":5,"column":87}},"line":5},"3":{"name":"(anonymous_3)","decl":{"start":{"line":6,"column":12},"end":{"line":6,"column":13}},"loc":{"start":{"line":6,"column":28},"end":{"line":6,"column":86}},"line":6},"4":{"name":"(anonymous_4)","decl":{"start":{"line":9,"column":11},"end":{"line":9,"column":12}},"loc":{"start":{"line":9,"column":27},"end":{"line":13,"column":5}},"line":9},"5":{"name":"__","decl":{"start":{"line":11,"column":17},"end":{"line":11,"column":19}},"loc":{"start":{"line":11,"column":22},"end":{"line":11,"column":47}},"line":11},"6":{"name":"(anonymous_6)","decl":{"start":{"line":15,"column":66},"end":{"line":15,"column":67}},"loc":{"start":{"line":15,"column":89},"end":{"line":18,"column":1}},"line":15},"7":{"name":"(anonymous_7)","decl":{"start":{"line":19,"column":44},"end":{"line":19,"column":45}},"loc":{"start":{"line":19,"column":89},"end":{"line":26,"column":1}},"line":19},"8":{"name":"(anonymous_8)","decl":{"start":{"line":20,"column":36},"end":{"line":20,"column":37}},"loc":{"start":{"line":20,"column":63},"end":{"line":25,"column":5}},"line":20},"9":{"name":"fulfilled","decl":{"start":{"line":21,"column":17},"end":{"line":21,"column":26}},"loc":{"start":{"line":21,"column":34},"end":{"line":21,"column":99}},"line":21},"10":{"name":"rejected","decl":{"start":{"line":22,"column":17},"end":{"line":22,"column":25}},"loc":{"start":{"line":22,"column":33},"end":{"line":22,"column":102}},"line":22},"11":{"name":"step","decl":{"start":{"line":23,"column":17},"end":{"line":23,"column":21}},"loc":{"start":{"line":23,"column":30},"end":{"line":23,"column":151}},"line":23},"12":{"name":"(anonymous_12)","decl":{"start":{"line":23,"column":76},"end":{"line":23,"column":77}},"loc":{"start":{"line":23,"column":95},"end":{"line":23,"column":121}},"line":23},"13":{"name":"(anonymous_13)","decl":{"start":{"line":27,"column":48},"end":{"line":27,"column":49}},"loc":{"start":{"line":27,"column":73},"end":{"line":53,"column":1}},"line":27},"14":{"name":"(anonymous_14)","decl":{"start":{"line":28,"column":30},"end":{"line":28,"column":31}},"loc":{"start":{"line":28,"column":41},"end":{"line":28,"column":83}},"line":28},"15":{"name":"(anonymous_15)","decl":{"start":{"line":29,"column":125},"end":{"line":29,"column":126}},"loc":{"start":{"line":29,"column":136},"end":{"line":29,"column":152}},"line":29},"16":{"name":"verb","decl":{"start":{"line":30,"column":13},"end":{"line":30,"column":17}},"loc":{"start":{"line":30,"column":21},"end":{"line":30,"column":70}},"line":30},"17":{"name":"(anonymous_17)","decl":{"start":{"line":30,"column":30},"end":{"line":30,"column":31}},"loc":{"start":{"line":30,"column":43},"end":{"line":30,"column":67}},"line":30},"18":{"name":"step","decl":{"start":{"line":31,"column":13},"end":{"line":31,"column":17}},"loc":{"start":{"line":31,"column":22},"end":{"line":52,"column":5}},"line":31},"19":{"name":"(anonymous_19)","decl":{"start":{"line":63,"column":15},"end":{"line":63,"column":16}},"loc":{"start":{"line":63,"column":28},"end":{"line":63,"column":49}},"line":63},"20":{"name":"(anonymous_20)","decl":{"start":{"line":64,"column":13},"end":{"line":64,"column":14}},"loc":{"start":{"line":64,"column":28},"end":{"line":68,"column":1}},"line":64},"21":{"name":"(anonymous_21)","decl":{"start":{"line":65,"column":22},"end":{"line":65,"column":23}},"loc":{"start":{"line":65,"column":52},"end":{"line":67,"column":5}},"line":65},"22":{"name":"(anonymous_22)","decl":{"start":{"line":66,"column":33},"end":{"line":66,"column":34}},"loc":{"start":{"line":66,"column":46},"end":{"line":66,"column":75}},"line":66},"23":{"name":"(anonymous_23)","decl":{"start":{"line":69,"column":26},"end":{"line":69,"column":27}},"loc":{"start":{"line":69,"column":44},"end":{"line":143,"column":1}},"line":69},"24":{"name":"Feed","decl":{"start":{"line":71,"column":13},"end":{"line":71,"column":17}},"loc":{"start":{"line":71,"column":20},"end":{"line":93,"column":5}},"line":71},"25":{"name":"(anonymous_25)","decl":{"start":{"line":77,"column":29},"end":{"line":77,"column":30}},"loc":{"start":{"line":77,"column":44},"end":{"line":91,"column":16}},"line":77},"26":{"name":"(anonymous_26)","decl":{"start":{"line":77,"column":53},"end":{"line":77,"column":54}},"loc":{"start":{"line":77,"column":81},"end":{"line":91,"column":13}},"line":77},"27":{"name":"(anonymous_27)","decl":{"start":{"line":77,"column":123},"end":{"line":77,"column":124}},"loc":{"start":{"line":77,"column":135},"end":{"line":91,"column":9}},"line":77},"28":{"name":"(anonymous_28)","decl":{"start":{"line":79,"column":37},"end":{"line":79,"column":38}},"loc":{"start":{"line":79,"column":51},"end":{"line":90,"column":13}},"line":79},"29":{"name":"(anonymous_29)","decl":{"start":{"line":94,"column":39},"end":{"line":94,"column":40}},"loc":{"start":{"line":94,"column":51},"end":{"line":113,"column":5}},"line":94},"30":{"name":"(anonymous_30)","decl":{"start":{"line":95,"column":47},"end":{"line":95,"column":48}},"loc":{"start":{"line":95,"column":59},"end":{"line":112,"column":9}},"line":95},"31":{"name":"(anonymous_31)","decl":{"start":{"line":97,"column":37},"end":{"line":97,"column":38}},"loc":{"start":{"line":97,"column":51},"end":{"line":111,"column":13}},"line":97},"32":{"name":"(anonymous_32)","decl":{"start":{"line":105,"column":38},"end":{"line":105,"column":39}},"loc":{"start":{"line":105,"column":59},"end":{"line":108,"column":29}},"line":105},"33":{"name":"(anonymous_33)","decl":{"start":{"line":114,"column":28},"end":{"line":114,"column":29}},"loc":{"start":{"line":114,"column":40},"end":{"line":141,"column":5}},"line":114},"34":{"name":"(anonymous_34)","decl":{"start":{"line":125,"column":23},"end":{"line":125,"column":24}},"loc":{"start":{"line":125,"column":38},"end":{"line":125,"column":143}},"line":125},"35":{"name":"(anonymous_35)","decl":{"start":{"line":126,"column":69},"end":{"line":126,"column":70}},"loc":{"start":{"line":126,"column":81},"end":{"line":140,"column":21}},"line":126},"36":{"name":"(anonymous_36)","decl":{"start":{"line":126,"column":123},"end":{"line":126,"column":124}},"loc":{"start":{"line":126,"column":135},"end":{"line":140,"column":17}},"line":126},"37":{"name":"(anonymous_37)","decl":{"start":{"line":128,"column":45},"end":{"line":128,"column":46}},"loc":{"start":{"line":128,"column":59},"end":{"line":139,"column":21}},"line":128},"38":{"name":"(anonymous_38)","decl":{"start":{"line":133,"column":46},"end":{"line":133,"column":47}},"loc":{"start":{"line":133,"column":66},"end":{"line":136,"column":37}},"line":133}},"branchMap":{"0":{"loc":{"start":{"line":2,"column":16},"end":{"line":14,"column":4}},"type":"binary-expr","locations":[{"start":{"line":2,"column":17},"end":{"line":2,"column":21}},{"start":{"line":2,"column":25},"end":{"line":2,"column":39}},{"start":{"line":2,"column":44},"end":{"line":14,"column":4}}],"line":2},"1":{"loc":{"start":{"line":4,"column":24},"end":{"line":6,"column":86}},"type":"binary-expr","locations":[{"start":{"line":4,"column":24},"end":{"line":4,"column":45}},{"start":{"line":5,"column":13},"end":{"line":5,"column":47}},{"start":{"line":5,"column":51},"end":{"line":5,"column":87}},{"start":{"line":6,"column":12},"end":{"line":6,"column":86}}],"line":4},"2":{"loc":{"start":{"line":6,"column":47},"end":{"line":6,"column":84}},"type":"if","locations":[{"start":{"line":6,"column":47},"end":{"line":6,"column":84}},{"start":{"line":6,"column":47},"end":{"line":6,"column":84}}],"line":6},"3":{"loc":{"start":{"line":12,"column":22},"end":{"line":12,"column":92}},"type":"cond-expr","locations":[{"start":{"line":12,"column":35},"end":{"line":12,"column":51}},{"start":{"line":12,"column":55},"end":{"line":12,"column":91}}],"line":12},"4":{"loc":{"start":{"line":15,"column":27},"end":{"line":18,"column":1}},"type":"binary-expr","locations":[{"start":{"line":15,"column":28},"end":{"line":15,"column":32}},{"start":{"line":15,"column":36},"end":{"line":15,"column":61}},{"start":{"line":15,"column":66},"end":{"line":18,"column":1}}],"line":15},"5":{"loc":{"start":{"line":16,"column":4},"end":{"line":16,"column":115}},"type":"if","locations":[{"start":{"line":16,"column":4},"end":{"line":16,"column":115}},{"start":{"line":16,"column":4},"end":{"line":16,"column":115}}],"line":16},"6":{"loc":{"start":{"line":19,"column":16},"end":{"line":26,"column":1}},"type":"binary-expr","locations":[{"start":{"line":19,"column":17},"end":{"line":19,"column":21}},{"start":{"line":19,"column":25},"end":{"line":19,"column":39}},{"start":{"line":19,"column":44},"end":{"line":26,"column":1}}],"line":19},"7":{"loc":{"start":{"line":20,"column":16},"end":{"line":20,"column":34}},"type":"binary-expr","locations":[{"start":{"line":20,"column":16},"end":{"line":20,"column":17}},{"start":{"line":20,"column":22},"end":{"line":20,"column":33}}],"line":20},"8":{"loc":{"start":{"line":23,"column":32},"end":{"line":23,"column":148}},"type":"cond-expr","locations":[{"start":{"line":23,"column":46},"end":{"line":23,"column":67}},{"start":{"line":23,"column":70},"end":{"line":23,"column":148}}],"line":23},"9":{"loc":{"start":{"line":24,"column":51},"end":{"line":24,"column":67}},"type":"binary-expr","locations":[{"start":{"line":24,"column":51},"end":{"line":24,"column":61}},{"start":{"line":24,"column":65},"end":{"line":24,"column":67}}],"line":24},"10":{"loc":{"start":{"line":27,"column":18},"end":{"line":53,"column":1}},"type":"binary-expr","locations":[{"start":{"line":27,"column":19},"end":{"line":27,"column":23}},{"start":{"line":27,"column":27},"end":{"line":27,"column":43}},{"start":{"line":27,"column":48},"end":{"line":53,"column":1}}],"line":27},"11":{"loc":{"start":{"line":28,"column":43},"end":{"line":28,"column":68}},"type":"if","locations":[{"start":{"line":28,"column":43},"end":{"line":28,"column":68}},{"start":{"line":28,"column":43},"end":{"line":28,"column":68}}],"line":28},"12":{"loc":{"start":{"line":29,"column":71},"end":{"line":29,"column":153}},"type":"binary-expr","locations":[{"start":{"line":29,"column":71},"end":{"line":29,"column":99}},{"start":{"line":29,"column":104},"end":{"line":29,"column":152}}],"line":29},"13":{"loc":{"start":{"line":32,"column":8},"end":{"line":32,"column":70}},"type":"if","locations":[{"start":{"line":32,"column":8},"end":{"line":32,"column":70}},{"start":{"line":32,"column":8},"end":{"line":32,"column":70}}],"line":32},"14":{"loc":{"start":{"line":34,"column":12},"end":{"line":34,"column":169}},"type":"if","locations":[{"start":{"line":34,"column":12},"end":{"line":34,"column":169}},{"start":{"line":34,"column":12},"end":{"line":34,"column":169}}],"line":34},"15":{"loc":{"start":{"line":34,"column":23},"end":{"line":34,"column":158}},"type":"binary-expr","locations":[{"start":{"line":34,"column":23},"end":{"line":34,"column":24}},{"start":{"line":34,"column":29},"end":{"line":34,"column":125}},{"start":{"line":34,"column":130},"end":{"line":34,"column":158}}],"line":34},"16":{"loc":{"start":{"line":34,"column":33},"end":{"line":34,"column":125}},"type":"cond-expr","locations":[{"start":{"line":34,"column":45},"end":{"line":34,"column":56}},{"start":{"line":34,"column":59},"end":{"line":34,"column":125}}],"line":34},"17":{"loc":{"start":{"line":34,"column":59},"end":{"line":34,"column":125}},"type":"cond-expr","locations":[{"start":{"line":34,"column":67},"end":{"line":34,"column":116}},{"start":{"line":34,"column":119},"end":{"line":34,"column":125}}],"line":34},"18":{"loc":{"start":{"line":34,"column":67},"end":{"line":34,"column":116}},"type":"binary-expr","locations":[{"start":{"line":34,"column":67},"end":{"line":34,"column":77}},{"start":{"line":34,"column":82},"end":{"line":34,"column":115}}],"line":34},"19":{"loc":{"start":{"line":34,"column":82},"end":{"line":34,"column":112}},"type":"binary-expr","locations":[{"start":{"line":34,"column":83},"end":{"line":34,"column":98}},{"start":{"line":34,"column":103},"end":{"line":34,"column":112}}],"line":34},"20":{"loc":{"start":{"line":35,"column":12},"end":{"line":35,"column":52}},"type":"if","locations":[{"start":{"line":35,"column":12},"end":{"line":35,"column":52}},{"start":{"line":35,"column":12},"end":{"line":35,"column":52}}],"line":35},"21":{"loc":{"start":{"line":36,"column":12},"end":{"line":48,"column":13}},"type":"switch","locations":[{"start":{"line":37,"column":16},"end":{"line":37,"column":23}},{"start":{"line":37,"column":24},"end":{"line":37,"column":46}},{"start":{"line":38,"column":16},"end":{"line":38,"column":72}},{"start":{"line":39,"column":16},"end":{"line":39,"column":65}},{"start":{"line":40,"column":16},"end":{"line":40,"column":65}},{"start":{"line":41,"column":16},"end":{"line":47,"column":43}}],"line":36},"22":{"loc":{"start":{"line":42,"column":20},"end":{"line":42,"column":128}},"type":"if","locations":[{"start":{"line":42,"column":20},"end":{"line":42,"column":128}},{"start":{"line":42,"column":20},"end":{"line":42,"column":128}}],"line":42},"23":{"loc":{"start":{"line":42,"column":24},"end":{"line":42,"column":106}},"type":"binary-expr","locations":[{"start":{"line":42,"column":24},"end":{"line":42,"column":74}},{"start":{"line":42,"column":79},"end":{"line":42,"column":90}},{"start":{"line":42,"column":94},"end":{"line":42,"column":105}}],"line":42},"24":{"loc":{"start":{"line":42,"column":42},"end":{"line":42,"column":73}},"type":"binary-expr","locations":[{"start":{"line":42,"column":42},"end":{"line":42,"column":54}},{"start":{"line":42,"column":58},"end":{"line":42,"column":73}}],"line":42},"25":{"loc":{"start":{"line":43,"column":20},"end":{"line":43,"column":106}},"type":"if","locations":[{"start":{"line":43,"column":20},"end":{"line":43,"column":106}},{"start":{"line":43,"column":20},"end":{"line":43,"column":106}}],"line":43},"26":{"loc":{"start":{"line":43,"column":24},"end":{"line":43,"column":77}},"type":"binary-expr","locations":[{"start":{"line":43,"column":24},"end":{"line":43,"column":35}},{"start":{"line":43,"column":40},"end":{"line":43,"column":42}},{"start":{"line":43,"column":47},"end":{"line":43,"column":59}},{"start":{"line":43,"column":63},"end":{"line":43,"column":75}}],"line":43},"27":{"loc":{"start":{"line":44,"column":20},"end":{"line":44,"column":89}},"type":"if","locations":[{"start":{"line":44,"column":20},"end":{"line":44,"column":89}},{"start":{"line":44,"column":20},"end":{"line":44,"column":89}}],"line":44},"28":{"loc":{"start":{"line":44,"column":24},"end":{"line":44,"column":53}},"type":"binary-expr","locations":[{"start":{"line":44,"column":24},"end":{"line":44,"column":35}},{"start":{"line":44,"column":39},"end":{"line":44,"column":53}}],"line":44},"29":{"loc":{"start":{"line":45,"column":20},"end":{"line":45,"column":87}},"type":"if","locations":[{"start":{"line":45,"column":20},"end":{"line":45,"column":87}},{"start":{"line":45,"column":20},"end":{"line":45,"column":87}}],"line":45},"30":{"loc":{"start":{"line":45,"column":24},"end":{"line":45,"column":43}},"type":"binary-expr","locations":[{"start":{"line":45,"column":24},"end":{"line":45,"column":25}},{"start":{"line":45,"column":29},"end":{"line":45,"column":43}}],"line":45},"31":{"loc":{"start":{"line":46,"column":20},"end":{"line":46,"column":42}},"type":"if","locations":[{"start":{"line":46,"column":20},"end":{"line":46,"column":42}},{"start":{"line":46,"column":20},"end":{"line":46,"column":42}}],"line":46},"32":{"loc":{"start":{"line":51,"column":8},"end":{"line":51,"column":35}},"type":"if","locations":[{"start":{"line":51,"column":8},"end":{"line":51,"column":35}},{"start":{"line":51,"column":8},"end":{"line":51,"column":35}}],"line":51},"33":{"loc":{"start":{"line":51,"column":52},"end":{"line":51,"column":74}},"type":"cond-expr","locations":[{"start":{"line":51,"column":60},"end":{"line":51,"column":65}},{"start":{"line":51,"column":68},"end":{"line":51,"column":74}}],"line":51},"34":{"loc":{"start":{"line":72,"column":20},"end":{"line":72,"column":76}},"type":"binary-expr","locations":[{"start":{"line":72,"column":20},"end":{"line":72,"column":35}},{"start":{"line":72,"column":39},"end":{"line":72,"column":68}},{"start":{"line":72,"column":72},"end":{"line":72,"column":76}}],"line":72},"35":{"loc":{"start":{"line":80,"column":16},"end":{"line":89,"column":17}},"type":"switch","locations":[{"start":{"line":81,"column":20},"end":{"line":83,"column":78}},{"start":{"line":84,"column":20},"end":{"line":88,"column":61}}],"line":80},"36":{"loc":{"start":{"line":98,"column":16},"end":{"line":110,"column":17}},"type":"switch","locations":[{"start":{"line":99,"column":20},"end":{"line":102,"column":83}},{"start":{"line":103,"column":20},"end":{"line":109,"column":46}}],"line":98},"37":{"loc":{"start":{"line":119,"column":8},"end":{"line":123,"column":9}},"type":"if","locations":[{"start":{"line":119,"column":8},"end":{"line":123,"column":9}},{"start":{"line":119,"column":8},"end":{"line":123,"column":9}}],"line":119},"38":{"loc":{"start":{"line":125,"column":120},"end":{"line":125,"column":136}},"type":"binary-expr","locations":[{"start":{"line":125,"column":120},"end":{"line":125,"column":124}},{"start":{"line":125,"column":128},"end":{"line":125,"column":136}}],"line":125},"39":{"loc":{"start":{"line":129,"column":24},"end":{"line":138,"column":25}},"type":"switch","locations":[{"start":{"line":130,"column":28},"end":{"line":130,"column":99}},{"start":{"line":131,"column":28},"end":{"line":137,"column":54}}],"line":129},"40":{"loc":{"start":{"line":145,"column":51},"end":{"line":145,"column":398}},"type":"binary-expr","locations":[{"start":{"line":145,"column":51},"end":{"line":145,"column":67}},{"start":{"line":145,"column":72},"end":{"line":145,"column":397}}],"line":145}},"s":{"0":1,"1":1,"2":1,"3":0,"4":0,"5":0,"6":0,"7":1,"8":1,"9":1,"10":1,"11":1,"12":1,"13":1,"14":1,"15":0,"16":1,"17":1,"18":0,"19":0,"20":0,"21":0,"22":0,"23":0,"24":0,"25":0,"26":0,"27":0,"28":1,"29":0,"30":0,"31":0,"32":0,"33":0,"34":0,"35":0,"36":0,"37":0,"38":0,"39":0,"40":0,"41":0,"42":0,"43":0,"44":0,"45":0,"46":0,"47":0,"48":0,"49":0,"50":0,"51":0,"52":0,"53":0,"54":0,"55":0,"56":0,"57":0,"58":0,"59":0,"60":0,"61":0,"62":0,"63":0,"64":0,"65":0,"66":0,"67":0,"68":0,"69":0,"70":0,"71":0,"72":0,"73":0,"74":0,"75":0,"76":0,"77":0,"78":0,"79":0,"80":0,"81":0,"82":1,"83":1,"84":1,"85":1,"86":1,"87":1,"88":1,"89":1,"90":1,"91":1,"92":0,"93":1,"94":0,"95":0,"96":0,"97":1,"98":1,"99":0,"100":0,"101":0,"102":0,"103":0,"104":0,"105":0,"106":0,"107":0,"108":0,"109":0,"110":0,"111":0,"112":0,"113":1,"114":0,"115":0,"116":0,"117":0,"118":0,"119":0,"120":0,"121":0,"122":0,"123":0,"124":1,"125":0,"126":0,"127":0,"128":0,"129":0,"130":0,"131":0,"132":0,"133":0,"134":0,"135":0,"136":0,"137":0,"138":0,"139":0,"140":0,"141":0,"142":0,"143":0,"144":0,"145":1,"146":1,"147":1,"148":1},"f":{"0":1,"1":1,"2":0,"3":0,"4":1,"5":1,"6":1,"7":0,"8":0,"9":0,"10":0,"11":0,"12":0,"13":0,"14":0,"15":0,"16":0,"17":0,"18":0,"19":0,"20":0,"21":0,"22":0,"23":1,"24":0,"25":0,"26":0,"27":0,"28":0,"29":0,"30":0,"31":0,"32":0,"33":0,"34":0,"35":0,"36":0,"37":0,"38":0},"b":{"0":[1,1,1],"1":[1,0,0,0],"2":[0,0],"3":[0,1],"4":[1,1,1],"5":[1,0],"6":[1,1,1],"7":[0,0],"8":[0,0],"9":[0,0],"10":[1,1,1],"11":[0,0],"12":[0,0],"13":[0,0],"14":[0,0],"15":[0,0,0],"16":[0,0],"17":[0,0],"18":[0,0],"19":[0,0],"20":[0,0],"21":[0,0,0,0,0,0],"22":[0,0],"23":[0,0,0],"24":[0,0],"25":[0,0],"26":[0,0,0,0],"27":[0,0],"28":[0,0],"29":[0,0],"30":[0,0],"31":[0,0],"32":[0,0],"33":[0,0],"34":[0,0,0],"35":[0,0],"36":[0,0],"37":[0,0],"38":[0,0],"39":[0,0],"40":[1,1]},"_coverageSchema":"332fd63041d2c1bcb487cc26dd0d5f7d97098a6c","hash":"1f5ec9f07427b5bb1a337054adf2c6c4a3a5a22d"}
,"/Users/nahuel.scotti/code/singuerinc/x/artstagram/src/components/Image.tsx": {"path":"/Users/nahuel.scotti/code/singuerinc/x/artstagram/src/components/Image.tsx","statementMap":{"0":{"start":{"line":2,"column":16},"end":{"line":14,"column":4}},"1":{"start":{"line":3,"column":24},"end":{"line":8,"column":5}},"2":{"start":{"line":4,"column":8},"end":{"line":6,"column":87}},"3":{"start":{"line":5,"column":69},"end":{"line":5,"column":85}},"4":{"start":{"line":6,"column":30},"end":{"line":6,"column":84}},"5":{"start":{"line":6,"column":47},"end":{"line":6,"column":84}},"6":{"start":{"line":6,"column":72},"end":{"line":6,"column":84}},"7":{"start":{"line":7,"column":8},"end":{"line":7,"column":35}},"8":{"start":{"line":9,"column":4},"end":{"line":13,"column":6}},"9":{"start":{"line":10,"column":8},"end":{"line":10,"column":28}},"10":{"start":{"line":11,"column":24},"end":{"line":11,"column":45}},"11":{"start":{"line":12,"column":8},"end":{"line":12,"column":93}},"12":{"start":{"line":15,"column":27},"end":{"line":18,"column":1}},"13":{"start":{"line":16,"column":4},"end":{"line":16,"column":115}},"14":{"start":{"line":16,"column":33},"end":{"line":16,"column":86}},"15":{"start":{"line":16,"column":96},"end":{"line":16,"column":113}},"16":{"start":{"line":17,"column":4},"end":{"line":17,"column":18}},"17":{"start":{"line":19,"column":0},"end":{"line":19,"column":62}},"18":{"start":{"line":20,"column":16},"end":{"line":20,"column":37}},"19":{"start":{"line":21,"column":12},"end":{"line":21,"column":28}},"20":{"start":{"line":22,"column":26},"end":{"line":22,"column":54}},"21":{"start":{"line":23,"column":16},"end":{"line":23,"column":43}},"22":{"start":{"line":24,"column":14},"end":{"line":24,"column":41}},"23":{"start":{"line":25,"column":27},"end":{"line":25,"column":67}},"24":{"start":{"line":26,"column":17},"end":{"line":26,"column":62}},"25":{"start":{"line":26,"column":32},"end":{"line":26,"column":60}},"26":{"start":{"line":27,"column":27},"end":{"line":56,"column":18}},"27":{"start":{"line":28,"column":4},"end":{"line":28,"column":29}},"28":{"start":{"line":30,"column":20},"end":{"line":30,"column":76}},"29":{"start":{"line":31,"column":8},"end":{"line":34,"column":10}},"30":{"start":{"line":35,"column":8},"end":{"line":37,"column":10}},"31":{"start":{"line":36,"column":12},"end":{"line":36,"column":46}},"32":{"start":{"line":38,"column":8},"end":{"line":40,"column":10}},"33":{"start":{"line":39,"column":12},"end":{"line":39,"column":45}},"34":{"start":{"line":41,"column":8},"end":{"line":41,"column":21}},"35":{"start":{"line":43,"column":4},"end":{"line":45,"column":6}},"36":{"start":{"line":44,"column":8},"end":{"line":44,"column":63}},"37":{"start":{"line":46,"column":4},"end":{"line":54,"column":6}},"38":{"start":{"line":47,"column":17},"end":{"line":47,"column":27}},"39":{"start":{"line":47,"column":34},"end":{"line":47,"column":40}},"40":{"start":{"line":47,"column":50},"end":{"line":47,"column":58}},"41":{"start":{"line":47,"column":68},"end":{"line":47,"column":76}},"42":{"start":{"line":47,"column":84},"end":{"line":47,"column":90}},"43":{"start":{"line":48,"column":17},"end":{"line":48,"column":27}},"44":{"start":{"line":48,"column":38},"end":{"line":48,"column":47}},"45":{"start":{"line":48,"column":58},"end":{"line":48,"column":67}},"46":{"start":{"line":49,"column":8},"end":{"line":53,"column":141}},"47":{"start":{"line":55,"column":4},"end":{"line":55,"column":17}},"48":{"start":{"line":57,"column":0},"end":{"line":57,"column":22}},"49":{"start":{"line":58,"column":21},"end":{"line":61,"column":2}},"50":{"start":{"line":59,"column":13},"end":{"line":59,"column":18}},"51":{"start":{"line":60,"column":4},"end":{"line":60,"column":14}}},"fnMap":{"0":{"name":"(anonymous_0)","decl":{"start":{"line":2,"column":45},"end":{"line":2,"column":46}},"loc":{"start":{"line":2,"column":57},"end":{"line":14,"column":1}},"line":2},"1":{"name":"(anonymous_1)","decl":{"start":{"line":3,"column":24},"end":{"line":3,"column":25}},"loc":{"start":{"line":3,"column":40},"end":{"line":8,"column":5}},"line":3},"2":{"name":"(anonymous_2)","decl":{"start":{"line":5,"column":51},"end":{"line":5,"column":52}},"loc":{"start":{"line":5,"column":67},"end":{"line":5,"column":87}},"line":5},"3":{"name":"(anonymous_3)","decl":{"start":{"line":6,"column":12},"end":{"line":6,"column":13}},"loc":{"start":{"line":6,"column":28},"end":{"line":6,"column":86}},"line":6},"4":{"name":"(anonymous_4)","decl":{"start":{"line":9,"column":11},"end":{"line":9,"column":12}},"loc":{"start":{"line":9,"column":27},"end":{"line":13,"column":5}},"line":9},"5":{"name":"__","decl":{"start":{"line":11,"column":17},"end":{"line":11,"column":19}},"loc":{"start":{"line":11,"column":22},"end":{"line":11,"column":47}},"line":11},"6":{"name":"(anonymous_6)","decl":{"start":{"line":15,"column":66},"end":{"line":15,"column":67}},"loc":{"start":{"line":15,"column":89},"end":{"line":18,"column":1}},"line":15},"7":{"name":"(anonymous_7)","decl":{"start":{"line":26,"column":17},"end":{"line":26,"column":18}},"loc":{"start":{"line":26,"column":30},"end":{"line":26,"column":62}},"line":26},"8":{"name":"(anonymous_8)","decl":{"start":{"line":27,"column":27},"end":{"line":27,"column":28}},"loc":{"start":{"line":27,"column":45},"end":{"line":56,"column":1}},"line":27},"9":{"name":"Image","decl":{"start":{"line":29,"column":13},"end":{"line":29,"column":18}},"loc":{"start":{"line":29,"column":21},"end":{"line":42,"column":5}},"line":29},"10":{"name":"(anonymous_10)","decl":{"start":{"line":35,"column":32},"end":{"line":35,"column":33}},"loc":{"start":{"line":35,"column":44},"end":{"line":37,"column":9}},"line":35},"11":{"name":"(anonymous_11)","decl":{"start":{"line":38,"column":23},"end":{"line":38,"column":24}},"loc":{"start":{"line":38,"column":35},"end":{"line":40,"column":9}},"line":38},"12":{"name":"(anonymous_12)","decl":{"start":{"line":43,"column":48},"end":{"line":43,"column":49}},"loc":{"start":{"line":43,"column":69},"end":{"line":45,"column":5}},"line":43},"13":{"name":"(anonymous_13)","decl":{"start":{"line":46,"column":29},"end":{"line":46,"column":30}},"loc":{"start":{"line":46,"column":41},"end":{"line":54,"column":5}},"line":46},"14":{"name":"(anonymous_14)","decl":{"start":{"line":58,"column":295},"end":{"line":58,"column":296}},"loc":{"start":{"line":58,"column":309},"end":{"line":61,"column":1}},"line":58}},"branchMap":{"0":{"loc":{"start":{"line":2,"column":16},"end":{"line":14,"column":4}},"type":"binary-expr","locations":[{"start":{"line":2,"column":17},"end":{"line":2,"column":21}},{"start":{"line":2,"column":25},"end":{"line":2,"column":39}},{"start":{"line":2,"column":44},"end":{"line":14,"column":4}}],"line":2},"1":{"loc":{"start":{"line":4,"column":24},"end":{"line":6,"column":86}},"type":"binary-expr","locations":[{"start":{"line":4,"column":24},"end":{"line":4,"column":45}},{"start":{"line":5,"column":13},"end":{"line":5,"column":47}},{"start":{"line":5,"column":51},"end":{"line":5,"column":87}},{"start":{"line":6,"column":12},"end":{"line":6,"column":86}}],"line":4},"2":{"loc":{"start":{"line":6,"column":47},"end":{"line":6,"column":84}},"type":"if","locations":[{"start":{"line":6,"column":47},"end":{"line":6,"column":84}},{"start":{"line":6,"column":47},"end":{"line":6,"column":84}}],"line":6},"3":{"loc":{"start":{"line":12,"column":22},"end":{"line":12,"column":92}},"type":"cond-expr","locations":[{"start":{"line":12,"column":35},"end":{"line":12,"column":51}},{"start":{"line":12,"column":55},"end":{"line":12,"column":91}}],"line":12},"4":{"loc":{"start":{"line":15,"column":27},"end":{"line":18,"column":1}},"type":"binary-expr","locations":[{"start":{"line":15,"column":28},"end":{"line":15,"column":32}},{"start":{"line":15,"column":36},"end":{"line":15,"column":61}},{"start":{"line":15,"column":66},"end":{"line":18,"column":1}}],"line":15},"5":{"loc":{"start":{"line":16,"column":4},"end":{"line":16,"column":115}},"type":"if","locations":[{"start":{"line":16,"column":4},"end":{"line":16,"column":115}},{"start":{"line":16,"column":4},"end":{"line":16,"column":115}}],"line":16},"6":{"loc":{"start":{"line":30,"column":20},"end":{"line":30,"column":76}},"type":"binary-expr","locations":[{"start":{"line":30,"column":20},"end":{"line":30,"column":35}},{"start":{"line":30,"column":39},"end":{"line":30,"column":68}},{"start":{"line":30,"column":72},"end":{"line":30,"column":76}}],"line":30},"7":{"loc":{"start":{"line":51,"column":16},"end":{"line":51,"column":71}},"type":"binary-expr","locations":[{"start":{"line":51,"column":16},"end":{"line":51,"column":23}},{"start":{"line":51,"column":27},"end":{"line":51,"column":71}}],"line":51},"8":{"loc":{"start":{"line":52,"column":16},"end":{"line":52,"column":121}},"type":"binary-expr","locations":[{"start":{"line":52,"column":16},"end":{"line":52,"column":22}},{"start":{"line":52,"column":26},"end":{"line":52,"column":121}}],"line":52},"9":{"loc":{"start":{"line":58,"column":53},"end":{"line":58,"column":274}},"type":"binary-expr","locations":[{"start":{"line":58,"column":53},"end":{"line":58,"column":69}},{"start":{"line":58,"column":74},"end":{"line":58,"column":273}}],"line":58}},"s":{"0":1,"1":1,"2":1,"3":0,"4":0,"5":0,"6":0,"7":1,"8":1,"9":1,"10":1,"11":1,"12":1,"13":1,"14":1,"15":0,"16":1,"17":1,"18":1,"19":1,"20":1,"21":1,"22":1,"23":1,"24":1,"25":0,"26":1,"27":1,"28":0,"29":0,"30":0,"31":0,"32":0,"33":0,"34":0,"35":1,"36":0,"37":1,"38":0,"39":0,"40":0,"41":0,"42":0,"43":0,"44":0,"45":0,"46":0,"47":1,"48":1,"49":1,"50":0,"51":0},"f":{"0":1,"1":1,"2":0,"3":0,"4":1,"5":1,"6":1,"7":0,"8":1,"9":0,"10":0,"11":0,"12":0,"13":0,"14":0},"b":{"0":[1,1,1],"1":[1,0,0,0],"2":[0,0],"3":[0,1],"4":[1,1,1],"5":[1,0],"6":[0,0,0],"7":[0,0],"8":[0,0],"9":[1,1]},"_coverageSchema":"332fd63041d2c1bcb487cc26dd0d5f7d97098a6c","hash":"f9d5ae66949f52b8d6917131f142e7ea9d04a93c"}
,"/Users/nahuel.scotti/code/singuerinc/x/artstagram/src/components/common/BackButton.tsx": {"path":"/Users/nahuel.scotti/code/singuerinc/x/artstagram/src/components/common/BackButton.tsx","statementMap":{"0":{"start":{"line":2,"column":27},"end":{"line":5,"column":1}},"1":{"start":{"line":3,"column":4},"end":{"line":3,"column":115}},"2":{"start":{"line":3,"column":33},"end":{"line":3,"column":86}},"3":{"start":{"line":3,"column":96},"end":{"line":3,"column":113}},"4":{"start":{"line":4,"column":4},"end":{"line":4,"column":18}},"5":{"start":{"line":6,"column":0},"end":{"line":6,"column":62}},"6":{"start":{"line":7,"column":16},"end":{"line":7,"column":37}},"7":{"start":{"line":8,"column":12},"end":{"line":8,"column":28}},"8":{"start":{"line":9,"column":25},"end":{"line":9,"column":52}},"9":{"start":{"line":10,"column":26},"end":{"line":10,"column":54}},"10":{"start":{"line":11,"column":17},"end":{"line":17,"column":1}},"11":{"start":{"line":12,"column":18},"end":{"line":12,"column":28}},"12":{"start":{"line":13,"column":4},"end":{"line":16,"column":85}},"13":{"start":{"line":18,"column":0},"end":{"line":18,"column":32}},"14":{"start":{"line":19,"column":14},"end":{"line":19,"column":476}}},"fnMap":{"0":{"name":"(anonymous_0)","decl":{"start":{"line":2,"column":66},"end":{"line":2,"column":67}},"loc":{"start":{"line":2,"column":89},"end":{"line":5,"column":1}},"line":2},"1":{"name":"(anonymous_1)","decl":{"start":{"line":11,"column":17},"end":{"line":11,"column":18}},"loc":{"start":{"line":11,"column":31},"end":{"line":17,"column":1}},"line":11}},"branchMap":{"0":{"loc":{"start":{"line":2,"column":27},"end":{"line":5,"column":1}},"type":"binary-expr","locations":[{"start":{"line":2,"column":28},"end":{"line":2,"column":32}},{"start":{"line":2,"column":36},"end":{"line":2,"column":61}},{"start":{"line":2,"column":66},"end":{"line":5,"column":1}}],"line":2},"1":{"loc":{"start":{"line":3,"column":4},"end":{"line":3,"column":115}},"type":"if","locations":[{"start":{"line":3,"column":4},"end":{"line":3,"column":115}},{"start":{"line":3,"column":4},"end":{"line":3,"column":115}}],"line":3},"2":{"loc":{"start":{"line":19,"column":70},"end":{"line":19,"column":437}},"type":"binary-expr","locations":[{"start":{"line":19,"column":70},"end":{"line":19,"column":86}},{"start":{"line":19,"column":91},"end":{"line":19,"column":436}}],"line":19}},"s":{"0":2,"1":2,"2":2,"3":0,"4":2,"5":2,"6":2,"7":2,"8":2,"9":2,"10":2,"11":0,"12":0,"13":2,"14":2},"f":{"0":2,"1":0},"b":{"0":[2,2,2],"1":[2,0],"2":[2,2]},"_coverageSchema":"332fd63041d2c1bcb487cc26dd0d5f7d97098a6c","hash":"0f49c52b180e42f23fc59bbf906b0cf9a733ba92"}
,"/Users/nahuel.scotti/code/singuerinc/x/artstagram/src/components/common/Spinner.tsx": {"path":"/Users/nahuel.scotti/code/singuerinc/x/artstagram/src/components/common/Spinner.tsx","statementMap":{"0":{"start":{"line":2,"column":27},"end":{"line":5,"column":1}},"1":{"start":{"line":3,"column":4},"end":{"line":3,"column":115}},"2":{"start":{"line":3,"column":33},"end":{"line":3,"column":86}},"3":{"start":{"line":3,"column":96},"end":{"line":3,"column":113}},"4":{"start":{"line":4,"column":4},"end":{"line":4,"column":18}},"5":{"start":{"line":6,"column":0},"end":{"line":6,"column":62}},"6":{"start":{"line":7,"column":16},"end":{"line":7,"column":37}},"7":{"start":{"line":8,"column":12},"end":{"line":8,"column":28}},"8":{"start":{"line":9,"column":26},"end":{"line":9,"column":54}},"9":{"start":{"line":10,"column":14},"end":{"line":11,"column":46}},"10":{"start":{"line":10,"column":28},"end":{"line":11,"column":44}},"11":{"start":{"line":12,"column":0},"end":{"line":12,"column":26}},"12":{"start":{"line":13,"column":17},"end":{"line":13,"column":897}},"13":{"start":{"line":14,"column":13},"end":{"line":14,"column":427}}},"fnMap":{"0":{"name":"(anonymous_0)","decl":{"start":{"line":2,"column":66},"end":{"line":2,"column":67}},"loc":{"start":{"line":2,"column":89},"end":{"line":5,"column":1}},"line":2},"1":{"name":"(anonymous_1)","decl":{"start":{"line":10,"column":14},"end":{"line":10,"column":15}},"loc":{"start":{"line":10,"column":26},"end":{"line":11,"column":46}},"line":10}},"branchMap":{"0":{"loc":{"start":{"line":2,"column":27},"end":{"line":5,"column":1}},"type":"binary-expr","locations":[{"start":{"line":2,"column":28},"end":{"line":2,"column":32}},{"start":{"line":2,"column":36},"end":{"line":2,"column":61}},{"start":{"line":2,"column":66},"end":{"line":5,"column":1}}],"line":2},"1":{"loc":{"start":{"line":3,"column":4},"end":{"line":3,"column":115}},"type":"if","locations":[{"start":{"line":3,"column":4},"end":{"line":3,"column":115}},{"start":{"line":3,"column":4},"end":{"line":3,"column":115}}],"line":3},"2":{"loc":{"start":{"line":13,"column":49},"end":{"line":13,"column":862}},"type":"binary-expr","locations":[{"start":{"line":13,"column":49},"end":{"line":13,"column":65}},{"start":{"line":13,"column":70},"end":{"line":13,"column":861}}],"line":13},"3":{"loc":{"start":{"line":14,"column":45},"end":{"line":14,"column":426}},"type":"binary-expr","locations":[{"start":{"line":14,"column":45},"end":{"line":14,"column":61}},{"start":{"line":14,"column":66},"end":{"line":14,"column":425}}],"line":14}},"s":{"0":2,"1":4,"2":4,"3":0,"4":4,"5":2,"6":2,"7":2,"8":2,"9":2,"10":1,"11":2,"12":2,"13":2},"f":{"0":4,"1":1},"b":{"0":[2,2,2],"1":[4,0],"2":[2,2],"3":[2,2]},"_coverageSchema":"332fd63041d2c1bcb487cc26dd0d5f7d97098a6c","hash":"5bdf27f3a4307fde2cce3dd9765c8d32b9ff4c14"}
,"/Users/nahuel.scotti/code/singuerinc/x/artstagram/src/components/feed/Title.tsx": {"path":"/Users/nahuel.scotti/code/singuerinc/x/artstagram/src/components/feed/Title.tsx","statementMap":{"0":{"start":{"line":2,"column":27},"end":{"line":5,"column":1}},"1":{"start":{"line":3,"column":4},"end":{"line":3,"column":115}},"2":{"start":{"line":3,"column":33},"end":{"line":3,"column":86}},"3":{"start":{"line":3,"column":96},"end":{"line":3,"column":113}},"4":{"start":{"line":4,"column":4},"end":{"line":4,"column":18}},"5":{"start":{"line":6,"column":0},"end":{"line":6,"column":62}},"6":{"start":{"line":7,"column":16},"end":{"line":7,"column":37}},"7":{"start":{"line":8,"column":12},"end":{"line":8,"column":28}},"8":{"start":{"line":9,"column":26},"end":{"line":9,"column":54}},"9":{"start":{"line":10,"column":16},"end":{"line":10,"column":40}},"10":{"start":{"line":11,"column":0},"end":{"line":13,"column":2}},"11":{"start":{"line":12,"column":4},"end":{"line":12,"column":63}},"12":{"start":{"line":14,"column":12},"end":{"line":17,"column":1}},"13":{"start":{"line":15,"column":16},"end":{"line":15,"column":24}},"14":{"start":{"line":16,"column":4},"end":{"line":16,"column":80}},"15":{"start":{"line":18,"column":0},"end":{"line":18,"column":22}},"16":{"start":{"line":19,"column":18},"end":{"line":19,"column":514}}},"fnMap":{"0":{"name":"(anonymous_0)","decl":{"start":{"line":2,"column":66},"end":{"line":2,"column":67}},"loc":{"start":{"line":2,"column":89},"end":{"line":5,"column":1}},"line":2},"1":{"name":"(anonymous_1)","decl":{"start":{"line":11,"column":22},"end":{"line":11,"column":23}},"loc":{"start":{"line":11,"column":35},"end":{"line":13,"column":1}},"line":11},"2":{"name":"(anonymous_2)","decl":{"start":{"line":14,"column":12},"end":{"line":14,"column":13}},"loc":{"start":{"line":14,"column":26},"end":{"line":17,"column":1}},"line":14}},"branchMap":{"0":{"loc":{"start":{"line":2,"column":27},"end":{"line":5,"column":1}},"type":"binary-expr","locations":[{"start":{"line":2,"column":28},"end":{"line":2,"column":32}},{"start":{"line":2,"column":36},"end":{"line":2,"column":61}},{"start":{"line":2,"column":66},"end":{"line":5,"column":1}}],"line":2},"1":{"loc":{"start":{"line":3,"column":4},"end":{"line":3,"column":115}},"type":"if","locations":[{"start":{"line":3,"column":4},"end":{"line":3,"column":115}},{"start":{"line":3,"column":4},"end":{"line":3,"column":115}}],"line":3},"2":{"loc":{"start":{"line":12,"column":11},"end":{"line":12,"column":62}},"type":"cond-expr","locations":[{"start":{"line":12,"column":47},"end":{"line":12,"column":58}},{"start":{"line":12,"column":61},"end":{"line":12,"column":62}}],"line":12},"3":{"loc":{"start":{"line":19,"column":49},"end":{"line":19,"column":496}},"type":"binary-expr","locations":[{"start":{"line":19,"column":49},"end":{"line":19,"column":65}},{"start":{"line":19,"column":70},"end":{"line":19,"column":495}}],"line":19}},"s":{"0":1,"1":1,"2":1,"3":0,"4":1,"5":1,"6":1,"7":1,"8":1,"9":1,"10":1,"11":4,"12":1,"13":2,"14":2,"15":1,"16":1},"f":{"0":1,"1":4,"2":2},"b":{"0":[1,1,1],"1":[1,0],"2":[2,2],"3":[1,1]},"_coverageSchema":"332fd63041d2c1bcb487cc26dd0d5f7d97098a6c","hash":"e2b397243806daccd88bc5aaaef7dbf12c7e3b8e"}
,"/Users/nahuel.scotti/code/singuerinc/x/artstagram/src/components/feedItem/Cover.tsx": {"path":"/Users/nahuel.scotti/code/singuerinc/x/artstagram/src/components/feedItem/Cover.tsx","statementMap":{"0":{"start":{"line":2,"column":16},"end":{"line":14,"column":4}},"1":{"start":{"line":3,"column":24},"end":{"line":8,"column":5}},"2":{"start":{"line":4,"column":8},"end":{"line":6,"column":87}},"3":{"start":{"line":5,"column":69},"end":{"line":5,"column":85}},"4":{"start":{"line":6,"column":30},"end":{"line":6,"column":84}},"5":{"start":{"line":6,"column":47},"end":{"line":6,"column":84}},"6":{"start":{"line":6,"column":72},"end":{"line":6,"column":84}},"7":{"start":{"line":7,"column":8},"end":{"line":7,"column":35}},"8":{"start":{"line":9,"column":4},"end":{"line":13,"column":6}},"9":{"start":{"line":10,"column":8},"end":{"line":10,"column":28}},"10":{"start":{"line":11,"column":24},"end":{"line":11,"column":45}},"11":{"start":{"line":12,"column":8},"end":{"line":12,"column":93}},"12":{"start":{"line":15,"column":27},"end":{"line":18,"column":1}},"13":{"start":{"line":16,"column":4},"end":{"line":16,"column":115}},"14":{"start":{"line":16,"column":33},"end":{"line":16,"column":86}},"15":{"start":{"line":16,"column":96},"end":{"line":16,"column":113}},"16":{"start":{"line":17,"column":4},"end":{"line":17,"column":18}},"17":{"start":{"line":19,"column":0},"end":{"line":19,"column":62}},"18":{"start":{"line":20,"column":12},"end":{"line":20,"column":28}},"19":{"start":{"line":21,"column":26},"end":{"line":21,"column":54}},"20":{"start":{"line":22,"column":19},"end":{"line":22,"column":75}},"21":{"start":{"line":22,"column":34},"end":{"line":22,"column":73}},"22":{"start":{"line":23,"column":0},"end":{"line":23,"column":36}},"23":{"start":{"line":24,"column":21},"end":{"line":26,"column":4}},"24":{"start":{"line":24,"column":48},"end":{"line":26,"column":2}},"25":{"start":{"line":25,"column":4},"end":{"line":25,"column":52}},"26":{"start":{"line":27,"column":0},"end":{"line":27,"column":40}},"27":{"start":{"line":28,"column":27},"end":{"line":47,"column":18}},"28":{"start":{"line":29,"column":4},"end":{"line":29,"column":29}},"29":{"start":{"line":31,"column":20},"end":{"line":31,"column":76}},"30":{"start":{"line":32,"column":8},"end":{"line":34,"column":10}},"31":{"start":{"line":35,"column":8},"end":{"line":38,"column":10}},"32":{"start":{"line":36,"column":12},"end":{"line":36,"column":45}},"33":{"start":{"line":37,"column":12},"end":{"line":37,"column":33}},"34":{"start":{"line":39,"column":8},"end":{"line":39,"column":21}},"35":{"start":{"line":41,"column":4},"end":{"line":45,"column":6}},"36":{"start":{"line":42,"column":17},"end":{"line":42,"column":27}},"37":{"start":{"line":42,"column":37},"end":{"line":42,"column":45}},"38":{"start":{"line":42,"column":63},"end":{"line":42,"column":79}},"39":{"start":{"line":42,"column":87},"end":{"line":42,"column":93}},"40":{"start":{"line":43,"column":21},"end":{"line":43,"column":38}},"41":{"start":{"line":44,"column":8},"end":{"line":44,"column":167}},"42":{"start":{"line":46,"column":4},"end":{"line":46,"column":17}},"43":{"start":{"line":48,"column":0},"end":{"line":48,"column":22}},"44":{"start":{"line":49,"column":18},"end":{"line":52,"column":2}},"45":{"start":{"line":50,"column":17},"end":{"line":50,"column":26}},"46":{"start":{"line":51,"column":4},"end":{"line":51,"column":28}}},"fnMap":{"0":{"name":"(anonymous_0)","decl":{"start":{"line":2,"column":45},"end":{"line":2,"column":46}},"loc":{"start":{"line":2,"column":57},"end":{"line":14,"column":1}},"line":2},"1":{"name":"(anonymous_1)","decl":{"start":{"line":3,"column":24},"end":{"line":3,"column":25}},"loc":{"start":{"line":3,"column":40},"end":{"line":8,"column":5}},"line":3},"2":{"name":"(anonymous_2)","decl":{"start":{"line":5,"column":51},"end":{"line":5,"column":52}},"loc":{"start":{"line":5,"column":67},"end":{"line":5,"column":87}},"line":5},"3":{"name":"(anonymous_3)","decl":{"start":{"line":6,"column":12},"end":{"line":6,"column":13}},"loc":{"start":{"line":6,"column":28},"end":{"line":6,"column":86}},"line":6},"4":{"name":"(anonymous_4)","decl":{"start":{"line":9,"column":11},"end":{"line":9,"column":12}},"loc":{"start":{"line":9,"column":27},"end":{"line":13,"column":5}},"line":9},"5":{"name":"__","decl":{"start":{"line":11,"column":17},"end":{"line":11,"column":19}},"loc":{"start":{"line":11,"column":22},"end":{"line":11,"column":47}},"line":11},"6":{"name":"(anonymous_6)","decl":{"start":{"line":15,"column":66},"end":{"line":15,"column":67}},"loc":{"start":{"line":15,"column":89},"end":{"line":18,"column":1}},"line":15},"7":{"name":"(anonymous_7)","decl":{"start":{"line":22,"column":19},"end":{"line":22,"column":20}},"loc":{"start":{"line":22,"column":32},"end":{"line":22,"column":75}},"line":22},"8":{"name":"(anonymous_8)","decl":{"start":{"line":24,"column":21},"end":{"line":24,"column":22}},"loc":{"start":{"line":24,"column":46},"end":{"line":26,"column":4}},"line":24},"9":{"name":"(anonymous_9)","decl":{"start":{"line":24,"column":55},"end":{"line":24,"column":56}},"loc":{"start":{"line":24,"column":67},"end":{"line":26,"column":1}},"line":24},"10":{"name":"(anonymous_10)","decl":{"start":{"line":28,"column":27},"end":{"line":28,"column":28}},"loc":{"start":{"line":28,"column":45},"end":{"line":47,"column":1}},"line":28},"11":{"name":"Cover","decl":{"start":{"line":30,"column":13},"end":{"line":30,"column":18}},"loc":{"start":{"line":30,"column":21},"end":{"line":40,"column":5}},"line":30},"12":{"name":"(anonymous_12)","decl":{"start":{"line":35,"column":23},"end":{"line":35,"column":24}},"loc":{"start":{"line":35,"column":35},"end":{"line":38,"column":9}},"line":35},"13":{"name":"(anonymous_13)","decl":{"start":{"line":41,"column":29},"end":{"line":41,"column":30}},"loc":{"start":{"line":41,"column":41},"end":{"line":45,"column":5}},"line":41},"14":{"name":"(anonymous_14)","decl":{"start":{"line":49,"column":493},"end":{"line":49,"column":494}},"loc":{"start":{"line":49,"column":507},"end":{"line":52,"column":1}},"line":49}},"branchMap":{"0":{"loc":{"start":{"line":2,"column":16},"end":{"line":14,"column":4}},"type":"binary-expr","locations":[{"start":{"line":2,"column":17},"end":{"line":2,"column":21}},{"start":{"line":2,"column":25},"end":{"line":2,"column":39}},{"start":{"line":2,"column":44},"end":{"line":14,"column":4}}],"line":2},"1":{"loc":{"start":{"line":4,"column":24},"end":{"line":6,"column":86}},"type":"binary-expr","locations":[{"start":{"line":4,"column":24},"end":{"line":4,"column":45}},{"start":{"line":5,"column":13},"end":{"line":5,"column":47}},{"start":{"line":5,"column":51},"end":{"line":5,"column":87}},{"start":{"line":6,"column":12},"end":{"line":6,"column":86}}],"line":4},"2":{"loc":{"start":{"line":6,"column":47},"end":{"line":6,"column":84}},"type":"if","locations":[{"start":{"line":6,"column":47},"end":{"line":6,"column":84}},{"start":{"line":6,"column":47},"end":{"line":6,"column":84}}],"line":6},"3":{"loc":{"start":{"line":12,"column":22},"end":{"line":12,"column":92}},"type":"cond-expr","locations":[{"start":{"line":12,"column":35},"end":{"line":12,"column":51}},{"start":{"line":12,"column":55},"end":{"line":12,"column":91}}],"line":12},"4":{"loc":{"start":{"line":15,"column":27},"end":{"line":18,"column":1}},"type":"binary-expr","locations":[{"start":{"line":15,"column":28},"end":{"line":15,"column":32}},{"start":{"line":15,"column":36},"end":{"line":15,"column":61}},{"start":{"line":15,"column":66},"end":{"line":18,"column":1}}],"line":15},"5":{"loc":{"start":{"line":16,"column":4},"end":{"line":16,"column":115}},"type":"if","locations":[{"start":{"line":16,"column":4},"end":{"line":16,"column":115}},{"start":{"line":16,"column":4},"end":{"line":16,"column":115}}],"line":16},"6":{"loc":{"start":{"line":31,"column":20},"end":{"line":31,"column":76}},"type":"binary-expr","locations":[{"start":{"line":31,"column":20},"end":{"line":31,"column":35}},{"start":{"line":31,"column":39},"end":{"line":31,"column":68}},{"start":{"line":31,"column":72},"end":{"line":31,"column":76}}],"line":31},"7":{"loc":{"start":{"line":49,"column":50},"end":{"line":49,"column":491}},"type":"binary-expr","locations":[{"start":{"line":49,"column":50},"end":{"line":49,"column":66}},{"start":{"line":49,"column":71},"end":{"line":49,"column":490}}],"line":49},"8":{"loc":{"start":{"line":51,"column":12},"end":{"line":51,"column":26}},"type":"cond-expr","locations":[{"start":{"line":51,"column":21},"end":{"line":51,"column":22}},{"start":{"line":51,"column":25},"end":{"line":51,"column":26}}],"line":51}},"s":{"0":2,"1":2,"2":2,"3":0,"4":0,"5":0,"6":0,"7":2,"8":2,"9":2,"10":2,"11":2,"12":2,"13":2,"14":2,"15":0,"16":2,"17":2,"18":2,"19":2,"20":2,"21":2,"22":2,"23":2,"24":3,"25":1,"26":2,"27":2,"28":2,"29":2,"30":2,"31":2,"32":0,"33":0,"34":2,"35":2,"36":2,"37":2,"38":2,"39":2,"40":2,"41":2,"42":2,"43":2,"44":2,"45":1,"46":1},"f":{"0":2,"1":2,"2":0,"3":0,"4":2,"5":2,"6":2,"7":2,"8":3,"9":1,"10":2,"11":2,"12":0,"13":2,"14":1},"b":{"0":[2,2,2],"1":[2,0,0,0],"2":[0,0],"3":[0,2],"4":[2,2,2],"5":[2,0],"6":[2,2,2],"7":[2,2],"8":[0,1]},"_coverageSchema":"332fd63041d2c1bcb487cc26dd0d5f7d97098a6c","hash":"1b69ec9207b5b0dab71a9782d47f615e0987a295"}
,"/Users/nahuel.scotti/code/singuerinc/x/artstagram/src/components/feedItem/FakeFeedItem.tsx": {"path":"/Users/nahuel.scotti/code/singuerinc/x/artstagram/src/components/feedItem/FakeFeedItem.tsx","statementMap":{"0":{"start":{"line":2,"column":27},"end":{"line":5,"column":1}},"1":{"start":{"line":3,"column":4},"end":{"line":3,"column":115}},"2":{"start":{"line":3,"column":33},"end":{"line":3,"column":86}},"3":{"start":{"line":3,"column":96},"end":{"line":3,"column":113}},"4":{"start":{"line":4,"column":4},"end":{"line":4,"column":18}},"5":{"start":{"line":6,"column":0},"end":{"line":6,"column":62}},"6":{"start":{"line":7,"column":16},"end":{"line":7,"column":37}},"7":{"start":{"line":8,"column":12},"end":{"line":8,"column":28}},"8":{"start":{"line":9,"column":26},"end":{"line":9,"column":54}},"9":{"start":{"line":10,"column":23},"end":{"line":10,"column":50}},"10":{"start":{"line":11,"column":23},"end":{"line":11,"column":50}},"11":{"start":{"line":12,"column":19},"end":{"line":20,"column":71}},"12":{"start":{"line":12,"column":33},"end":{"line":20,"column":69}},"13":{"start":{"line":21,"column":0},"end":{"line":21,"column":36}},"14":{"start":{"line":22,"column":21},"end":{"line":22,"column":292}},"15":{"start":{"line":23,"column":17},"end":{"line":23,"column":312}},"16":{"start":{"line":24,"column":26},"end":{"line":24,"column":1540}}},"fnMap":{"0":{"name":"(anonymous_0)","decl":{"start":{"line":2,"column":66},"end":{"line":2,"column":67}},"loc":{"start":{"line":2,"column":89},"end":{"line":5,"column":1}},"line":2},"1":{"name":"(anonymous_1)","decl":{"start":{"line":12,"column":19},"end":{"line":12,"column":20}},"loc":{"start":{"line":12,"column":31},"end":{"line":20,"column":71}},"line":12}},"branchMap":{"0":{"loc":{"start":{"line":2,"column":27},"end":{"line":5,"column":1}},"type":"binary-expr","locations":[{"start":{"line":2,"column":28},"end":{"line":2,"column":32}},{"start":{"line":2,"column":36},"end":{"line":2,"column":61}},{"start":{"line":2,"column":66},"end":{"line":5,"column":1}}],"line":2},"1":{"loc":{"start":{"line":3,"column":4},"end":{"line":3,"column":115}},"type":"if","locations":[{"start":{"line":3,"column":4},"end":{"line":3,"column":115}},{"start":{"line":3,"column":4},"end":{"line":3,"column":115}}],"line":3},"2":{"loc":{"start":{"line":22,"column":53},"end":{"line":22,"column":272}},"type":"binary-expr","locations":[{"start":{"line":22,"column":53},"end":{"line":22,"column":69}},{"start":{"line":22,"column":74},"end":{"line":22,"column":271}}],"line":22},"3":{"loc":{"start":{"line":23,"column":49},"end":{"line":23,"column":292}},"type":"binary-expr","locations":[{"start":{"line":23,"column":49},"end":{"line":23,"column":65}},{"start":{"line":23,"column":70},"end":{"line":23,"column":291}}],"line":23},"4":{"loc":{"start":{"line":24,"column":57},"end":{"line":24,"column":1310}},"type":"binary-expr","locations":[{"start":{"line":24,"column":57},"end":{"line":24,"column":73}},{"start":{"line":24,"column":78},"end":{"line":24,"column":1309}}],"line":24}},"s":{"0":1,"1":3,"2":3,"3":0,"4":3,"5":1,"6":1,"7":1,"8":1,"9":1,"10":1,"11":1,"12":0,"13":1,"14":1,"15":1,"16":1},"f":{"0":3,"1":0},"b":{"0":[1,1,1],"1":[3,0],"2":[1,1],"3":[1,1],"4":[1,1]},"_coverageSchema":"332fd63041d2c1bcb487cc26dd0d5f7d97098a6c","hash":"1fc8ea71ad9d8569edcb090f06df9fdea37cae3c"}
,"/Users/nahuel.scotti/code/singuerinc/x/artstagram/src/components/feedItem/FeedItem.tsx": {"path":"/Users/nahuel.scotti/code/singuerinc/x/artstagram/src/components/feedItem/FeedItem.tsx","statementMap":{"0":{"start":{"line":2,"column":16},"end":{"line":14,"column":4}},"1":{"start":{"line":3,"column":24},"end":{"line":8,"column":5}},"2":{"start":{"line":4,"column":8},"end":{"line":6,"column":87}},"3":{"start":{"line":5,"column":69},"end":{"line":5,"column":85}},"4":{"start":{"line":6,"column":30},"end":{"line":6,"column":84}},"5":{"start":{"line":6,"column":47},"end":{"line":6,"column":84}},"6":{"start":{"line":6,"column":72},"end":{"line":6,"column":84}},"7":{"start":{"line":7,"column":8},"end":{"line":7,"column":35}},"8":{"start":{"line":9,"column":4},"end":{"line":13,"column":6}},"9":{"start":{"line":10,"column":8},"end":{"line":10,"column":28}},"10":{"start":{"line":11,"column":24},"end":{"line":11,"column":45}},"11":{"start":{"line":12,"column":8},"end":{"line":12,"column":93}},"12":{"start":{"line":15,"column":27},"end":{"line":18,"column":1}},"13":{"start":{"line":16,"column":4},"end":{"line":16,"column":115}},"14":{"start":{"line":16,"column":33},"end":{"line":16,"column":86}},"15":{"start":{"line":16,"column":96},"end":{"line":16,"column":113}},"16":{"start":{"line":17,"column":4},"end":{"line":17,"column":18}},"17":{"start":{"line":19,"column":0},"end":{"line":19,"column":62}},"18":{"start":{"line":20,"column":16},"end":{"line":20,"column":37}},"19":{"start":{"line":21,"column":12},"end":{"line":21,"column":28}},"20":{"start":{"line":22,"column":23},"end":{"line":22,"column":48}},"21":{"start":{"line":23,"column":26},"end":{"line":23,"column":54}},"22":{"start":{"line":24,"column":14},"end":{"line":24,"column":33}},"23":{"start":{"line":25,"column":23},"end":{"line":25,"column":50}},"24":{"start":{"line":26,"column":23},"end":{"line":26,"column":50}},"25":{"start":{"line":27,"column":30},"end":{"line":53,"column":18}},"26":{"start":{"line":28,"column":4},"end":{"line":28,"column":32}},"27":{"start":{"line":30,"column":20},"end":{"line":30,"column":76}},"28":{"start":{"line":31,"column":8},"end":{"line":33,"column":10}},"29":{"start":{"line":34,"column":8},"end":{"line":34,"column":21}},"30":{"start":{"line":36,"column":4},"end":{"line":51,"column":6}},"31":{"start":{"line":37,"column":20},"end":{"line":37,"column":24}},"32":{"start":{"line":38,"column":18},"end":{"line":38,"column":32}},"33":{"start":{"line":39,"column":17},"end":{"line":39,"column":27}},"34":{"start":{"line":39,"column":35},"end":{"line":39,"column":41}},"35":{"start":{"line":39,"column":50},"end":{"line":39,"column":57}},"36":{"start":{"line":40,"column":17},"end":{"line":40,"column":23}},"37":{"start":{"line":40,"column":33},"end":{"line":40,"column":42}},"38":{"start":{"line":41,"column":18},"end":{"line":41,"column":35}},"39":{"start":{"line":42,"column":8},"end":{"line":50,"column":81}},"40":{"start":{"line":45,"column":20},"end":{"line":47,"column":21}},"41":{"start":{"line":46,"column":24},"end":{"line":46,"column":72}},"42":{"start":{"line":52,"column":4},"end":{"line":52,"column":20}},"43":{"start":{"line":54,"column":0},"end":{"line":54,"column":28}},"44":{"start":{"line":55,"column":24},"end":{"line":55,"column":699}}},"fnMap":{"0":{"name":"(anonymous_0)","decl":{"start":{"line":2,"column":45},"end":{"line":2,"column":46}},"loc":{"start":{"line":2,"column":57},"end":{"line":14,"column":1}},"line":2},"1":{"name":"(anonymous_1)","decl":{"start":{"line":3,"column":24},"end":{"line":3,"column":25}},"loc":{"start":{"line":3,"column":40},"end":{"line":8,"column":5}},"line":3},"2":{"name":"(anonymous_2)","decl":{"start":{"line":5,"column":51},"end":{"line":5,"column":52}},"loc":{"start":{"line":5,"column":67},"end":{"line":5,"column":87}},"line":5},"3":{"name":"(anonymous_3)","decl":{"start":{"line":6,"column":12},"end":{"line":6,"column":13}},"loc":{"start":{"line":6,"column":28},"end":{"line":6,"column":86}},"line":6},"4":{"name":"(anonymous_4)","decl":{"start":{"line":9,"column":11},"end":{"line":9,"column":12}},"loc":{"start":{"line":9,"column":27},"end":{"line":13,"column":5}},"line":9},"5":{"name":"__","decl":{"start":{"line":11,"column":17},"end":{"line":11,"column":19}},"loc":{"start":{"line":11,"column":22},"end":{"line":11,"column":47}},"line":11},"6":{"name":"(anonymous_6)","decl":{"start":{"line":15,"column":66},"end":{"line":15,"column":67}},"loc":{"start":{"line":15,"column":89},"end":{"line":18,"column":1}},"line":15},"7":{"name":"(anonymous_7)","decl":{"start":{"line":27,"column":30},"end":{"line":27,"column":31}},"loc":{"start":{"line":27,"column":48},"end":{"line":53,"column":1}},"line":27},"8":{"name":"FeedItem","decl":{"start":{"line":29,"column":13},"end":{"line":29,"column":21}},"loc":{"start":{"line":29,"column":24},"end":{"line":35,"column":5}},"line":29},"9":{"name":"(anonymous_9)","decl":{"start":{"line":36,"column":32},"end":{"line":36,"column":33}},"loc":{"start":{"line":36,"column":44},"end":{"line":51,"column":5}},"line":36},"10":{"name":"(anonymous_10)","decl":{"start":{"line":44,"column":126},"end":{"line":44,"column":127}},"loc":{"start":{"line":44,"column":138},"end":{"line":48,"column":17}},"line":44}},"branchMap":{"0":{"loc":{"start":{"line":2,"column":16},"end":{"line":14,"column":4}},"type":"binary-expr","locations":[{"start":{"line":2,"column":17},"end":{"line":2,"column":21}},{"start":{"line":2,"column":25},"end":{"line":2,"column":39}},{"start":{"line":2,"column":44},"end":{"line":14,"column":4}}],"line":2},"1":{"loc":{"start":{"line":4,"column":24},"end":{"line":6,"column":86}},"type":"binary-expr","locations":[{"start":{"line":4,"column":24},"end":{"line":4,"column":45}},{"start":{"line":5,"column":13},"end":{"line":5,"column":47}},{"start":{"line":5,"column":51},"end":{"line":5,"column":87}},{"start":{"line":6,"column":12},"end":{"line":6,"column":86}}],"line":4},"2":{"loc":{"start":{"line":6,"column":47},"end":{"line":6,"column":84}},"type":"if","locations":[{"start":{"line":6,"column":47},"end":{"line":6,"column":84}},{"start":{"line":6,"column":47},"end":{"line":6,"column":84}}],"line":6},"3":{"loc":{"start":{"line":12,"column":22},"end":{"line":12,"column":92}},"type":"cond-expr","locations":[{"start":{"line":12,"column":35},"end":{"line":12,"column":51}},{"start":{"line":12,"column":55},"end":{"line":12,"column":91}}],"line":12},"4":{"loc":{"start":{"line":15,"column":27},"end":{"line":18,"column":1}},"type":"binary-expr","locations":[{"start":{"line":15,"column":28},"end":{"line":15,"column":32}},{"start":{"line":15,"column":36},"end":{"line":15,"column":61}},{"start":{"line":15,"column":66},"end":{"line":18,"column":1}}],"line":15},"5":{"loc":{"start":{"line":16,"column":4},"end":{"line":16,"column":115}},"type":"if","locations":[{"start":{"line":16,"column":4},"end":{"line":16,"column":115}},{"start":{"line":16,"column":4},"end":{"line":16,"column":115}}],"line":16},"6":{"loc":{"start":{"line":30,"column":20},"end":{"line":30,"column":76}},"type":"binary-expr","locations":[{"start":{"line":30,"column":20},"end":{"line":30,"column":35}},{"start":{"line":30,"column":39},"end":{"line":30,"column":68}},{"start":{"line":30,"column":72},"end":{"line":30,"column":76}}],"line":30},"7":{"loc":{"start":{"line":45,"column":20},"end":{"line":47,"column":21}},"type":"if","locations":[{"start":{"line":45,"column":20},"end":{"line":47,"column":21}},{"start":{"line":45,"column":20},"end":{"line":47,"column":21}}],"line":45},"8":{"loc":{"start":{"line":55,"column":55},"end":{"line":55,"column":662}},"type":"binary-expr","locations":[{"start":{"line":55,"column":55},"end":{"line":55,"column":71}},{"start":{"line":55,"column":76},"end":{"line":55,"column":661}}],"line":55}},"s":{"0":1,"1":1,"2":1,"3":0,"4":0,"5":0,"6":0,"7":1,"8":1,"9":1,"10":1,"11":1,"12":1,"13":1,"14":1,"15":0,"16":1,"17":1,"18":1,"19":1,"20":1,"21":1,"22":1,"23":1,"24":1,"25":1,"26":1,"27":0,"28":0,"29":0,"30":1,"31":0,"32":0,"33":0,"34":0,"35":0,"36":0,"37":0,"38":0,"39":0,"40":0,"41":0,"42":1,"43":1,"44":1},"f":{"0":1,"1":1,"2":0,"3":0,"4":1,"5":1,"6":1,"7":1,"8":0,"9":0,"10":0},"b":{"0":[1,1,1],"1":[1,0,0,0],"2":[0,0],"3":[0,1],"4":[1,1,1],"5":[1,0],"6":[0,0,0],"7":[0,0],"8":[1,1]},"_coverageSchema":"332fd63041d2c1bcb487cc26dd0d5f7d97098a6c","hash":"8e9ea888d1acb2476931211675963f4c1b106e84"}
,"/Users/nahuel.scotti/code/singuerinc/x/artstagram/src/components/feedItem/FeedItemFooter.tsx": {"path":"/Users/nahuel.scotti/code/singuerinc/x/artstagram/src/components/feedItem/FeedItemFooter.tsx","statementMap":{"0":{"start":{"line":2,"column":27},"end":{"line":5,"column":1}},"1":{"start":{"line":3,"column":4},"end":{"line":3,"column":115}},"2":{"start":{"line":3,"column":33},"end":{"line":3,"column":86}},"3":{"start":{"line":3,"column":96},"end":{"line":3,"column":113}},"4":{"start":{"line":4,"column":4},"end":{"line":4,"column":18}},"5":{"start":{"line":6,"column":0},"end":{"line":6,"column":62}},"6":{"start":{"line":7,"column":16},"end":{"line":7,"column":37}},"7":{"start":{"line":8,"column":12},"end":{"line":8,"column":28}},"8":{"start":{"line":9,"column":26},"end":{"line":9,"column":54}},"9":{"start":{"line":10,"column":20},"end":{"line":10,"column":44}},"10":{"start":{"line":11,"column":21},"end":{"line":18,"column":1}},"11":{"start":{"line":12,"column":14},"end":{"line":12,"column":20}},"12":{"start":{"line":13,"column":4},"end":{"line":17,"column":126}},"13":{"start":{"line":19,"column":0},"end":{"line":19,"column":40}},"14":{"start":{"line":20,"column":13},"end":{"line":20,"column":254}},"15":{"start":{"line":21,"column":0},"end":{"line":21,"column":24}},"16":{"start":{"line":22,"column":15},"end":{"line":22,"column":354}},"17":{"start":{"line":23,"column":0},"end":{"line":23,"column":28}}},"fnMap":{"0":{"name":"(anonymous_0)","decl":{"start":{"line":2,"column":66},"end":{"line":2,"column":67}},"loc":{"start":{"line":2,"column":89},"end":{"line":5,"column":1}},"line":2},"1":{"name":"(anonymous_1)","decl":{"start":{"line":11,"column":21},"end":{"line":11,"column":22}},"loc":{"start":{"line":11,"column":35},"end":{"line":18,"column":1}},"line":11}},"branchMap":{"0":{"loc":{"start":{"line":2,"column":27},"end":{"line":5,"column":1}},"type":"binary-expr","locations":[{"start":{"line":2,"column":28},"end":{"line":2,"column":32}},{"start":{"line":2,"column":36},"end":{"line":2,"column":61}},{"start":{"line":2,"column":66},"end":{"line":5,"column":1}}],"line":2},"1":{"loc":{"start":{"line":3,"column":4},"end":{"line":3,"column":115}},"type":"if","locations":[{"start":{"line":3,"column":4},"end":{"line":3,"column":115}},{"start":{"line":3,"column":4},"end":{"line":3,"column":115}}],"line":3},"2":{"loc":{"start":{"line":17,"column":8},"end":{"line":17,"column":123}},"type":"binary-expr","locations":[{"start":{"line":17,"column":8},"end":{"line":17,"column":23}},{"start":{"line":17,"column":28},"end":{"line":17,"column":122}}],"line":17},"3":{"loc":{"start":{"line":20,"column":48},"end":{"line":20,"column":253}},"type":"binary-expr","locations":[{"start":{"line":20,"column":48},"end":{"line":20,"column":64}},{"start":{"line":20,"column":69},"end":{"line":20,"column":252}}],"line":20},"4":{"loc":{"start":{"line":22,"column":45},"end":{"line":22,"column":334}},"type":"binary-expr","locations":[{"start":{"line":22,"column":45},"end":{"line":22,"column":61}},{"start":{"line":22,"column":66},"end":{"line":22,"column":333}}],"line":22}},"s":{"0":2,"1":4,"2":4,"3":0,"4":4,"5":2,"6":2,"7":2,"8":2,"9":2,"10":2,"11":1,"12":1,"13":2,"14":2,"15":2,"16":2,"17":2},"f":{"0":4,"1":1},"b":{"0":[2,2,2],"1":[4,0],"2":[1,1],"3":[2,2],"4":[2,2]},"_coverageSchema":"332fd63041d2c1bcb487cc26dd0d5f7d97098a6c","hash":"f672cea90e83f718b017ef28d0f8963e533e79eb"}
,"/Users/nahuel.scotti/code/singuerinc/x/artstagram/src/components/feedItem/FeedItemHeader.tsx": {"path":"/Users/nahuel.scotti/code/singuerinc/x/artstagram/src/components/feedItem/FeedItemHeader.tsx","statementMap":{"0":{"start":{"line":2,"column":27},"end":{"line":5,"column":1}},"1":{"start":{"line":3,"column":4},"end":{"line":3,"column":115}},"2":{"start":{"line":3,"column":33},"end":{"line":3,"column":86}},"3":{"start":{"line":3,"column":96},"end":{"line":3,"column":113}},"4":{"start":{"line":4,"column":4},"end":{"line":4,"column":18}},"5":{"start":{"line":6,"column":0},"end":{"line":6,"column":62}},"6":{"start":{"line":7,"column":16},"end":{"line":7,"column":37}},"7":{"start":{"line":8,"column":12},"end":{"line":8,"column":28}},"8":{"start":{"line":9,"column":25},"end":{"line":9,"column":52}},"9":{"start":{"line":10,"column":26},"end":{"line":10,"column":54}},"10":{"start":{"line":11,"column":21},"end":{"line":19,"column":1}},"11":{"start":{"line":12,"column":14},"end":{"line":12,"column":20}},"12":{"start":{"line":12,"column":29},"end":{"line":12,"column":36}},"13":{"start":{"line":13,"column":4},"end":{"line":18,"column":29}},"14":{"start":{"line":20,"column":0},"end":{"line":20,"column":40}},"15":{"start":{"line":21,"column":19},"end":{"line":21,"column":452}},"16":{"start":{"line":22,"column":0},"end":{"line":22,"column":36}},"17":{"start":{"line":23,"column":15},"end":{"line":23,"column":333}},"18":{"start":{"line":24,"column":0},"end":{"line":24,"column":28}},"19":{"start":{"line":25,"column":13},"end":{"line":25,"column":309}},"20":{"start":{"line":26,"column":0},"end":{"line":26,"column":24}},"21":{"start":{"line":27,"column":20},"end":{"line":27,"column":1103}},"22":{"start":{"line":28,"column":0},"end":{"line":28,"column":38}}},"fnMap":{"0":{"name":"(anonymous_0)","decl":{"start":{"line":2,"column":66},"end":{"line":2,"column":67}},"loc":{"start":{"line":2,"column":89},"end":{"line":5,"column":1}},"line":2},"1":{"name":"(anonymous_1)","decl":{"start":{"line":11,"column":21},"end":{"line":11,"column":22}},"loc":{"start":{"line":11,"column":35},"end":{"line":19,"column":1}},"line":11}},"branchMap":{"0":{"loc":{"start":{"line":2,"column":27},"end":{"line":5,"column":1}},"type":"binary-expr","locations":[{"start":{"line":2,"column":28},"end":{"line":2,"column":32}},{"start":{"line":2,"column":36},"end":{"line":2,"column":61}},{"start":{"line":2,"column":66},"end":{"line":5,"column":1}}],"line":2},"1":{"loc":{"start":{"line":3,"column":4},"end":{"line":3,"column":115}},"type":"if","locations":[{"start":{"line":3,"column":4},"end":{"line":3,"column":115}},{"start":{"line":3,"column":4},"end":{"line":3,"column":115}}],"line":3},"2":{"loc":{"start":{"line":21,"column":50},"end":{"line":21,"column":451}},"type":"binary-expr","locations":[{"start":{"line":21,"column":50},"end":{"line":21,"column":66}},{"start":{"line":21,"column":71},"end":{"line":21,"column":450}}],"line":21},"3":{"loc":{"start":{"line":23,"column":46},"end":{"line":23,"column":313}},"type":"binary-expr","locations":[{"start":{"line":23,"column":46},"end":{"line":23,"column":62}},{"start":{"line":23,"column":67},"end":{"line":23,"column":312}}],"line":23},"4":{"loc":{"start":{"line":25,"column":45},"end":{"line":25,"column":308}},"type":"binary-expr","locations":[{"start":{"line":25,"column":45},"end":{"line":25,"column":61}},{"start":{"line":25,"column":66},"end":{"line":25,"column":307}}],"line":25},"5":{"loc":{"start":{"line":27,"column":76},"end":{"line":27,"column":1045}},"type":"binary-expr","locations":[{"start":{"line":27,"column":76},"end":{"line":27,"column":92}},{"start":{"line":27,"column":97},"end":{"line":27,"column":1044}}],"line":27}},"s":{"0":2,"1":8,"2":8,"3":0,"4":8,"5":2,"6":2,"7":2,"8":2,"9":2,"10":2,"11":1,"12":1,"13":1,"14":2,"15":2,"16":2,"17":2,"18":2,"19":2,"20":2,"21":2,"22":2},"f":{"0":8,"1":1},"b":{"0":[2,2,2],"1":[8,0],"2":[2,2],"3":[2,2],"4":[2,2],"5":[2,2]},"_coverageSchema":"332fd63041d2c1bcb487cc26dd0d5f7d97098a6c","hash":"e9d370e6a0ad13b3bdca5d1944614ee4294a0313"}
[...]
,"/Users/nahuel.scotti/code/singuerinc/x/artstagram/src/components/userProfile/__tests__/user.fixture.ts": {"path":"/Users/nahuel.scotti/code/singuerinc/x/artstagram/src/components/userProfile/__tests__/user.fixture.ts","statementMap":{"0":{"start":{"line":2,"column":0},"end":{"line":2,"column":62}},"1":{"start":{"line":3,"column":0},"end":{"line":21,"column":2}}},"fnMap":{},"branchMap":{},"s":{"0":1,"1":1},"f":{},"b":{},"_coverageSchema":"332fd63041d2c1bcb487cc26dd0d5f7d97098a6c","hash":"6683810b9fb446cf2c8c9261d545eaeee659b19c"}
,"/Users/nahuel.scotti/code/singuerinc/x/artstagram/src/services/api.ts": {"path":"/Users/nahuel.scotti/code/singuerinc/x/artstagram/src/services/api.ts","statementMap":{"0":{"start":{"line":2,"column":16},"end":{"line":9,"column":1}},"1":{"start":{"line":3,"column":4},"end":{"line":8,"column":7}},"2":{"start":{"line":4,"column":36},"end":{"line":4,"column":97}},"3":{"start":{"line":4,"column":42},"end":{"line":4,"column":70}},"4":{"start":{"line":4,"column":85},"end":{"line":4,"column":95}},"5":{"start":{"line":5,"column":35},"end":{"line":5,"column":100}},"6":{"start":{"line":5,"column":41},"end":{"line":5,"column":73}},"7":{"start":{"line":5,"column":88},"end":{"line":5,"column":98}},"8":{"start":{"line":6,"column":32},"end":{"line":6,"column":149}},"9":{"start":{"line":6,"column":97},"end":{"line":6,"column":119}},"10":{"start":{"line":7,"column":8},"end":{"line":7,"column":78}},"11":{"start":{"line":10,"column":18},"end":{"line":36,"column":1}},"12":{"start":{"line":11,"column":12},"end":{"line":11,"column":104}},"13":{"start":{"line":11,"column":43},"end":{"line":11,"column":68}},"14":{"start":{"line":11,"column":57},"end":{"line":11,"column":68}},"15":{"start":{"line":11,"column":69},"end":{"line":11,"column":81}},"16":{"start":{"line":12,"column":4},"end":{"line":12,"column":157}},"17":{"start":{"line":12,"column":138},"end":{"line":12,"column":150}},"18":{"start":{"line":13,"column":23},"end":{"line":13,"column":68}},"19":{"start":{"line":13,"column":45},"end":{"line":13,"column":65}},"20":{"start":{"line":15,"column":8},"end":{"line":15,"column":70}},"21":{"start":{"line":15,"column":15},"end":{"line":15,"column":70}},"22":{"start":{"line":16,"column":8},"end":{"line":33,"column":66}},"23":{"start":{"line":16,"column":18},"end":{"line":33,"column":66}},"24":{"start":{"line":17,"column":12},"end":{"line":17,"column":169}},"25":{"start":{"line":17,"column":160},"end":{"line":17,"column":169}},"26":{"start":{"line":18,"column":12},"end":{"line":18,"column":52}},"27":{"start":{"line":18,"column":26},"end":{"line":18,"column":52}},"28":{"start":{"line":19,"column":12},"end":{"line":31,"column":13}},"29":{"start":{"line":20,"column":32},"end":{"line":20,"column":39}},"30":{"start":{"line":20,"column":40},"end":{"line":20,"column":46}},"31":{"start":{"line":21,"column":24},"end":{"line":21,"column":34}},"32":{"start":{"line":21,"column":35},"end":{"line":21,"column":72}},"33":{"start":{"line":22,"column":24},"end":{"line":22,"column":34}},"34":{"start":{"line":22,"column":35},"end":{"line":22,"column":45}},"35":{"start":{"line":22,"column":46},"end":{"line":22,"column":55}},"36":{"start":{"line":22,"column":56},"end":{"line":22,"column":65}},"37":{"start":{"line":23,"column":24},"end":{"line":23,"column":41}},"38":{"start":{"line":23,"column":42},"end":{"line":23,"column":55}},"39":{"start":{"line":23,"column":56},"end":{"line":23,"column":65}},"40":{"start":{"line":25,"column":20},"end":{"line":25,"column":128}},"41":{"start":{"line":25,"column":110},"end":{"line":25,"column":116}},"42":{"start":{"line":25,"column":117},"end":{"line":25,"column":126}},"43":{"start":{"line":26,"column":20},"end":{"line":26,"column":106}},"44":{"start":{"line":26,"column":81},"end":{"line":26,"column":97}},"45":{"start":{"line":26,"column":98},"end":{"line":26,"column":104}},"46":{"start":{"line":27,"column":20},"end":{"line":27,"column":89}},"47":{"start":{"line":27,"column":57},"end":{"line":27,"column":72}},"48":{"start":{"line":27,"column":73},"end":{"line":27,"column":80}},"49":{"start":{"line":27,"column":81},"end":{"line":27,"column":87}},"50":{"start":{"line":28,"column":20},"end":{"line":28,"column":87}},"51":{"start":{"line":28,"column":47},"end":{"line":28,"column":62}},"52":{"start":{"line":28,"column":63},"end":{"line":28,"column":78}},"53":{"start":{"line":28,"column":79},"end":{"line":28,"column":85}},"54":{"start":{"line":29,"column":20},"end":{"line":29,"column":42}},"55":{"start":{"line":29,"column":30},"end":{"line":29,"column":42}},"56":{"start":{"line":30,"column":20},"end":{"line":30,"column":33}},"57":{"start":{"line":30,"column":34},"end":{"line":30,"column":43}},"58":{"start":{"line":32,"column":12},"end":{"line":32,"column":39}},"59":{"start":{"line":33,"column":22},"end":{"line":33,"column":34}},"60":{"start":{"line":33,"column":35},"end":{"line":33,"column":41}},"61":{"start":{"line":33,"column":54},"end":{"line":33,"column":64}},"62":{"start":{"line":34,"column":8},"end":{"line":34,"column":35}},"63":{"start":{"line":34,"column":23},"end":{"line":34,"column":35}},"64":{"start":{"line":34,"column":36},"end":{"line":34,"column":89}},"65":{"start":{"line":37,"column":12},"end":{"line":37,"column":16}},"66":{"start":{"line":38,"column":0},"end":{"line":38,"column":62}},"67":{"start":{"line":39,"column":12},"end":{"line":39,"column":28}},"68":{"start":{"line":40,"column":13},"end":{"line":40,"column":31}},"69":{"start":{"line":41,"column":14},"end":{"line":45,"column":1}},"70":{"start":{"line":42,"column":4},"end":{"line":44,"column":19}},"71":{"start":{"line":43,"column":30},"end":{"line":43,"column":74}},"72":{"start":{"line":46,"column":14},"end":{"line":46,"column":55}},"73":{"start":{"line":46,"column":31},"end":{"line":46,"column":53}},"74":{"start":{"line":47,"column":11},"end":{"line":60,"column":5}},"75":{"start":{"line":47,"column":41},"end":{"line":60,"column":3}},"76":{"start":{"line":49,"column":4},"end":{"line":59,"column":7}},"77":{"start":{"line":50,"column":8},"end":{"line":58,"column":9}},"78":{"start":{"line":52,"column":16},"end":{"line":52,"column":46}},"79":{"start":{"line":53,"column":16},"end":{"line":53,"column":65}},"80":{"start":{"line":54,"column":16},"end":{"line":54,"column":51}},"81":{"start":{"line":56,"column":16},"end":{"line":56,"column":45}},"82":{"start":{"line":57,"column":16},"end":{"line":57,"column":44}},"83":{"start":{"line":61,"column":0},"end":{"line":61,"column":20}}},"fnMap":{"0":{"name":"(anonymous_0)","decl":{"start":{"line":2,"column":44},"end":{"line":2,"column":45}},"loc":{"start":{"line":2,"column":89},"end":{"line":9,"column":1}},"line":2},"1":{"name":"(anonymous_1)","decl":{"start":{"line":3,"column":36},"end":{"line":3,"column":37}},"loc":{"start":{"line":3,"column":63},"end":{"line":8,"column":5}},"line":3},"2":{"name":"fulfilled","decl":{"start":{"line":4,"column":17},"end":{"line":4,"column":26}},"loc":{"start":{"line":4,"column":34},"end":{"line":4,"column":99}},"line":4},"3":{"name":"rejected","decl":{"start":{"line":5,"column":17},"end":{"line":5,"column":25}},"loc":{"start":{"line":5,"column":33},"end":{"line":5,"column":102}},"line":5},"4":{"name":"step","decl":{"start":{"line":6,"column":17},"end":{"line":6,"column":21}},"loc":{"start":{"line":6,"column":30},"end":{"line":6,"column":151}},"line":6},"5":{"name":"(anonymous_5)","decl":{"start":{"line":6,"column":76},"end":{"line":6,"column":77}},"loc":{"start":{"line":6,"column":95},"end":{"line":6,"column":121}},"line":6},"6":{"name":"(anonymous_6)","decl":{"start":{"line":10,"column":48},"end":{"line":10,"column":49}},"loc":{"start":{"line":10,"column":73},"end":{"line":36,"column":1}},"line":10},"7":{"name":"(anonymous_7)","decl":{"start":{"line":11,"column":30},"end":{"line":11,"column":31}},"loc":{"start":{"line":11,"column":41},"end":{"line":11,"column":83}},"line":11},"8":{"name":"(anonymous_8)","decl":{"start":{"line":12,"column":125},"end":{"line":12,"column":126}},"loc":{"start":{"line":12,"column":136},"end":{"line":12,"column":152}},"line":12},"9":{"name":"verb","decl":{"start":{"line":13,"column":13},"end":{"line":13,"column":17}},"loc":{"start":{"line":13,"column":21},"end":{"line":13,"column":70}},"line":13},"10":{"name":"(anonymous_10)","decl":{"start":{"line":13,"column":30},"end":{"line":13,"column":31}},"loc":{"start":{"line":13,"column":43},"end":{"line":13,"column":67}},"line":13},"11":{"name":"step","decl":{"start":{"line":14,"column":13},"end":{"line":14,"column":17}},"loc":{"start":{"line":14,"column":22},"end":{"line":35,"column":5}},"line":14},"12":{"name":"(anonymous_12)","decl":{"start":{"line":41,"column":14},"end":{"line":41,"column":15}},"loc":{"start":{"line":41,"column":29},"end":{"line":45,"column":1}},"line":41},"13":{"name":"(anonymous_13)","decl":{"start":{"line":43,"column":13},"end":{"line":43,"column":14}},"loc":{"start":{"line":43,"column":28},"end":{"line":43,"column":76}},"line":43},"14":{"name":"(anonymous_14)","decl":{"start":{"line":46,"column":14},"end":{"line":46,"column":15}},"loc":{"start":{"line":46,"column":29},"end":{"line":46,"column":55}},"line":46},"15":{"name":"(anonymous_15)","decl":{"start":{"line":47,"column":11},"end":{"line":47,"column":12}},"loc":{"start":{"line":47,"column":39},"end":{"line":60,"column":5}},"line":47},"16":{"name":"(anonymous_16)","decl":{"start":{"line":47,"column":81},"end":{"line":47,"column":82}},"loc":{"start":{"line":47,"column":93},"end":{"line":60,"column":1}},"line":47},"17":{"name":"(anonymous_17)","decl":{"start":{"line":49,"column":29},"end":{"line":49,"column":30}},"loc":{"start":{"line":49,"column":43},"end":{"line":59,"column":5}},"line":49}},"branchMap":{"0":{"loc":{"start":{"line":2,"column":16},"end":{"line":9,"column":1}},"type":"binary-expr","locations":[{"start":{"line":2,"column":17},"end":{"line":2,"column":21}},{"start":{"line":2,"column":25},"end":{"line":2,"column":39}},{"start":{"line":2,"column":44},"end":{"line":9,"column":1}}],"line":2},"1":{"loc":{"start":{"line":3,"column":16},"end":{"line":3,"column":34}},"type":"binary-expr","locations":[{"start":{"line":3,"column":16},"end":{"line":3,"column":17}},{"start":{"line":3,"column":22},"end":{"line":3,"column":33}}],"line":3},"2":{"loc":{"start":{"line":6,"column":32},"end":{"line":6,"column":148}},"type":"cond-expr","locations":[{"start":{"line":6,"column":46},"end":{"line":6,"column":67}},{"start":{"line":6,"column":70},"end":{"line":6,"column":148}}],"line":6},"3":{"loc":{"start":{"line":7,"column":51},"end":{"line":7,"column":67}},"type":"binary-expr","locations":[{"start":{"line":7,"column":51},"end":{"line":7,"column":61}},{"start":{"line":7,"column":65},"end":{"line":7,"column":67}}],"line":7},"4":{"loc":{"start":{"line":10,"column":18},"end":{"line":36,"column":1}},"type":"binary-expr","locations":[{"start":{"line":10,"column":19},"end":{"line":10,"column":23}},{"start":{"line":10,"column":27},"end":{"line":10,"column":43}},{"start":{"line":10,"column":48},"end":{"line":36,"column":1}}],"line":10},"5":{"loc":{"start":{"line":11,"column":43},"end":{"line":11,"column":68}},"type":"if","locations":[{"start":{"line":11,"column":43},"end":{"line":11,"column":68}},{"start":{"line":11,"column":43},"end":{"line":11,"column":68}}],"line":11},"6":{"loc":{"start":{"line":12,"column":71},"end":{"line":12,"column":153}},"type":"binary-expr","locations":[{"start":{"line":12,"column":71},"end":{"line":12,"column":99}},{"start":{"line":12,"column":104},"end":{"line":12,"column":152}}],"line":12},"7":{"loc":{"start":{"line":15,"column":8},"end":{"line":15,"column":70}},"type":"if","locations":[{"start":{"line":15,"column":8},"end":{"line":15,"column":70}},{"start":{"line":15,"column":8},"end":{"line":15,"column":70}}],"line":15},"8":{"loc":{"start":{"line":17,"column":12},"end":{"line":17,"column":169}},"type":"if","locations":[{"start":{"line":17,"column":12},"end":{"line":17,"column":169}},{"start":{"line":17,"column":12},"end":{"line":17,"column":169}}],"line":17},"9":{"loc":{"start":{"line":17,"column":23},"end":{"line":17,"column":158}},"type":"binary-expr","locations":[{"start":{"line":17,"column":23},"end":{"line":17,"column":24}},{"start":{"line":17,"column":29},"end":{"line":17,"column":125}},{"start":{"line":17,"column":130},"end":{"line":17,"column":158}}],"line":17},"10":{"loc":{"start":{"line":17,"column":33},"end":{"line":17,"column":125}},"type":"cond-expr","locations":[{"start":{"line":17,"column":45},"end":{"line":17,"column":56}},{"start":{"line":17,"column":59},"end":{"line":17,"column":125}}],"line":17},"11":{"loc":{"start":{"line":17,"column":59},"end":{"line":17,"column":125}},"type":"cond-expr","locations":[{"start":{"line":17,"column":67},"end":{"line":17,"column":116}},{"start":{"line":17,"column":119},"end":{"line":17,"column":125}}],"line":17},"12":{"loc":{"start":{"line":17,"column":67},"end":{"line":17,"column":116}},"type":"binary-expr","locations":[{"start":{"line":17,"column":67},"end":{"line":17,"column":77}},{"start":{"line":17,"column":82},"end":{"line":17,"column":115}}],"line":17},"13":{"loc":{"start":{"line":17,"column":82},"end":{"line":17,"column":112}},"type":"binary-expr","locations":[{"start":{"line":17,"column":83},"end":{"line":17,"column":98}},{"start":{"line":17,"column":103},"end":{"line":17,"column":112}}],"line":17},"14":{"loc":{"start":{"line":18,"column":12},"end":{"line":18,"column":52}},"type":"if","locations":[{"start":{"line":18,"column":12},"end":{"line":18,"column":52}},{"start":{"line":18,"column":12},"end":{"line":18,"column":52}}],"line":18},"15":{"loc":{"start":{"line":19,"column":12},"end":{"line":31,"column":13}},"type":"switch","locations":[{"start":{"line":20,"column":16},"end":{"line":20,"column":23}},{"start":{"line":20,"column":24},"end":{"line":20,"column":46}},{"start":{"line":21,"column":16},"end":{"line":21,"column":72}},{"start":{"line":22,"column":16},"end":{"line":22,"column":65}},{"start":{"line":23,"column":16},"end":{"line":23,"column":65}},{"start":{"line":24,"column":16},"end":{"line":30,"column":43}}],"line":19},"16":{"loc":{"start":{"line":25,"column":20},"end":{"line":25,"column":128}},"type":"if","locations":[{"start":{"line":25,"column":20},"end":{"line":25,"column":128}},{"start":{"line":25,"column":20},"end":{"line":25,"column":128}}],"line":25},"17":{"loc":{"start":{"line":25,"column":24},"end":{"line":25,"column":106}},"type":"binary-expr","locations":[{"start":{"line":25,"column":24},"end":{"line":25,"column":74}},{"start":{"line":25,"column":79},"end":{"line":25,"column":90}},{"start":{"line":25,"column":94},"end":{"line":25,"column":105}}],"line":25},"18":{"loc":{"start":{"line":25,"column":42},"end":{"line":25,"column":73}},"type":"binary-expr","locations":[{"start":{"line":25,"column":42},"end":{"line":25,"column":54}},{"start":{"line":25,"column":58},"end":{"line":25,"column":73}}],"line":25},"19":{"loc":{"start":{"line":26,"column":20},"end":{"line":26,"column":106}},"type":"if","locations":[{"start":{"line":26,"column":20},"end":{"line":26,"column":106}},{"start":{"line":26,"column":20},"end":{"line":26,"column":106}}],"line":26},"20":{"loc":{"start":{"line":26,"column":24},"end":{"line":26,"column":77}},"type":"binary-expr","locations":[{"start":{"line":26,"column":24},"end":{"line":26,"column":35}},{"start":{"line":26,"column":40},"end":{"line":26,"column":42}},{"start":{"line":26,"column":47},"end":{"line":26,"column":59}},{"start":{"line":26,"column":63},"end":{"line":26,"column":75}}],"line":26},"21":{"loc":{"start":{"line":27,"column":20},"end":{"line":27,"column":89}},"type":"if","locations":[{"start":{"line":27,"column":20},"end":{"line":27,"column":89}},{"start":{"line":27,"column":20},"end":{"line":27,"column":89}}],"line":27},"22":{"loc":{"start":{"line":27,"column":24},"end":{"line":27,"column":53}},"type":"binary-expr","locations":[{"start":{"line":27,"column":24},"end":{"line":27,"column":35}},{"start":{"line":27,"column":39},"end":{"line":27,"column":53}}],"line":27},"23":{"loc":{"start":{"line":28,"column":20},"end":{"line":28,"column":87}},"type":"if","locations":[{"start":{"line":28,"column":20},"end":{"line":28,"column":87}},{"start":{"line":28,"column":20},"end":{"line":28,"column":87}}],"line":28},"24":{"loc":{"start":{"line":28,"column":24},"end":{"line":28,"column":43}},"type":"binary-expr","locations":[{"start":{"line":28,"column":24},"end":{"line":28,"column":25}},{"start":{"line":28,"column":29},"end":{"line":28,"column":43}}],"line":28},"25":{"loc":{"start":{"line":29,"column":20},"end":{"line":29,"column":42}},"type":"if","locations":[{"start":{"line":29,"column":20},"end":{"line":29,"column":42}},{"start":{"line":29,"column":20},"end":{"line":29,"column":42}}],"line":29},"26":{"loc":{"start":{"line":34,"column":8},"end":{"line":34,"column":35}},"type":"if","locations":[{"start":{"line":34,"column":8},"end":{"line":34,"column":35}},{"start":{"line":34,"column":8},"end":{"line":34,"column":35}}],"line":34},"27":{"loc":{"start":{"line":34,"column":52},"end":{"line":34,"column":74}},"type":"cond-expr","locations":[{"start":{"line":34,"column":60},"end":{"line":34,"column":65}},{"start":{"line":34,"column":68},"end":{"line":34,"column":74}}],"line":34},"28":{"loc":{"start":{"line":50,"column":8},"end":{"line":58,"column":9}},"type":"switch","locations":[{"start":{"line":51,"column":12},"end":{"line":54,"column":51}},{"start":{"line":55,"column":12},"end":{"line":57,"column":44}}],"line":50},"29":{"loc":{"start":{"line":52,"column":32},"end":{"line":52,"column":44}},"type":"binary-expr","locations":[{"start":{"line":52,"column":32},"end":{"line":52,"column":38}},{"start":{"line":52,"column":42},"end":{"line":52,"column":44}}],"line":52},"30":{"loc":{"start":{"line":53,"column":39},"end":{"line":53,"column":63}},"type":"cond-expr","locations":[{"start":{"line":53,"column":47},"end":{"line":53,"column":58}},{"start":{"line":53,"column":61},"end":{"line":53,"column":63}}],"line":53}},"s":{"0":1,"1":0,"2":0,"3":0,"4":0,"5":0,"6":0,"7":0,"8":0,"9":0,"10":0,"11":1,"12":0,"13":0,"14":0,"15":0,"16":0,"17":0,"18":0,"19":0,"20":0,"21":0,"22":0,"23":0,"24":0,"25":0,"26":0,"27":0,"28":0,"29":0,"30":0,"31":0,"32":0,"33":0,"34":0,"35":0,"36":0,"37":0,"38":0,"39":0,"40":0,"41":0,"42":0,"43":0,"44":0,"45":0,"46":0,"47":0,"48":0,"49":0,"50":0,"51":0,"52":0,"53":0,"54":0,"55":0,"56":0,"57":0,"58":0,"59":0,"60":0,"61":0,"62":0,"63":0,"64":0,"65":1,"66":1,"67":1,"68":1,"69":1,"70":0,"71":0,"72":1,"73":0,"74":1,"75":0,"76":0,"77":0,"78":0,"79":0,"80":0,"81":0,"82":0,"83":1},"f":{"0":0,"1":0,"2":0,"3":0,"4":0,"5":0,"6":0,"7":0,"8":0,"9":0,"10":0,"11":0,"12":0,"13":0,"14":0,"15":0,"16":0,"17":0},"b":{"0":[1,1,1],"1":[0,0],"2":[0,0],"3":[0,0],"4":[1,1,1],"5":[0,0],"6":[0,0],"7":[0,0],"8":[0,0],"9":[0,0,0],"10":[0,0],"11":[0,0],"12":[0,0],"13":[0,0],"14":[0,0],"15":[0,0,0,0,0,0],"16":[0,0],"17":[0,0,0],"18":[0,0],"19":[0,0],"20":[0,0,0,0],"21":[0,0],"22":[0,0],"23":[0,0],"24":[0,0],"25":[0,0],"26":[0,0],"27":[0,0],"28":[0,0],"29":[0,0],"30":[0,0]},"_coverageSchema":"332fd63041d2c1bcb487cc26dd0d5f7d97098a6c","hash":"18c903a0adc380d0ad3a50b30a5c74e4d9ded326"}
}
