TN:
SF:/Users/nahuel.scotti/code/singuerinc/x/artstagram/src/Sorting.ts
FN:4,(anonymous_0)
FNF:1
FNH:1
FNDA:1,(anonymous_0)
DA:2,1
DA:4,1
DA:5,1
DA:6,1
DA:7,1
DA:8,1
LF:6
LH:6
BRDA:9,0,0,1
BRDA:9,0,1,1
BRF:2
BRH:2
end_of_record
TN:
SF:/Users/nahuel.scotti/code/singuerinc/x/artstagram/src/setupTests.ts
FNF:0
FNH:0
DA:2,9
DA:3,9
DA:4,9
DA:5,9
LF:4
LH:4
BRF:0
BRH:0
end_of_record
TN:
SF:/Users/nahuel.scotti/code/singuerinc/x/artstagram/src/components/Feed.tsx
FN:2,(anonymous_0)
FN:3,(anonymous_1)
FN:5,(anonymous_2)
FN:6,(anonymous_3)
FN:9,(anonymous_4)
FN:11,__
FN:15,(anonymous_6)
FN:19,(anonymous_7)
FN:20,(anonymous_8)
FN:21,fulfilled
FN:22,rejected
FN:23,step
FN:23,(anonymous_12)
FN:27,(anonymous_13)
FN:28,(anonymous_14)
FN:29,(anonymous_15)
FN:30,verb
FN:30,(anonymous_17)
FN:31,step
FN:63,(anonymous_19)
FN:64,(anonymous_20)
FN:65,(anonymous_21)
FN:66,(anonymous_22)
FN:69,(anonymous_23)
FN:71,Feed
FN:77,(anonymous_25)
FN:77,(anonymous_26)
FN:77,(anonymous_27)
FN:79,(anonymous_28)
FN:94,(anonymous_29)
FN:95,(anonymous_30)
FN:97,(anonymous_31)
FN:105,(anonymous_32)
FN:114,(anonymous_33)
FN:125,(anonymous_34)
FN:126,(anonymous_35)
FN:126,(anonymous_36)
FN:128,(anonymous_37)
FN:133,(anonymous_38)
FNF:39
FNH:6
FNDA:1,(anonymous_0)
FNDA:1,(anonymous_1)
FNDA:0,(anonymous_2)
FNDA:0,(anonymous_3)
FNDA:1,(anonymous_4)
FNDA:1,__
FNDA:1,(anonymous_6)
FNDA:0,(anonymous_7)
FNDA:0,(anonymous_8)
FNDA:0,fulfilled
FNDA:0,rejected
FNDA:0,step
FNDA:0,(anonymous_12)
FNDA:0,(anonymous_13)
FNDA:0,(anonymous_14)
FNDA:0,(anonymous_15)
FNDA:0,verb
FNDA:0,(anonymous_17)
FNDA:0,step
FNDA:0,(anonymous_19)
FNDA:0,(anonymous_20)
FNDA:0,(anonymous_21)
FNDA:0,(anonymous_22)
FNDA:1,(anonymous_23)
FNDA:0,Feed
FNDA:0,(anonymous_25)
FNDA:0,(anonymous_26)
FNDA:0,(anonymous_27)
FNDA:0,(anonymous_28)
FNDA:0,(anonymous_29)
FNDA:0,(anonymous_30)
FNDA:0,(anonymous_31)
FNDA:0,(anonymous_32)
FNDA:0,(anonymous_33)
FNDA:0,(anonymous_34)
FNDA:0,(anonymous_35)
FNDA:0,(anonymous_36)
FNDA:0,(anonymous_37)
FNDA:0,(anonymous_38)
DA:2,1
DA:3,1
DA:4,1
DA:5,0
DA:6,0
DA:7,1
DA:9,1
DA:10,1
DA:11,1
DA:12,1
DA:15,1
DA:16,1
DA:17,1
DA:19,1
DA:20,0
DA:21,0
DA:22,0
DA:23,0
DA:24,0
DA:27,1
DA:28,0
DA:29,0
DA:30,0
DA:32,0
DA:33,0
DA:34,0
DA:35,0
DA:36,0
DA:37,0
DA:38,0
DA:39,0
DA:40,0
DA:42,0
DA:43,0
DA:44,0
DA:45,0
DA:46,0
DA:47,0
DA:49,0
DA:50,0
DA:51,0
DA:54,1
DA:55,1
DA:56,1
DA:57,1
DA:58,1
DA:59,1
DA:60,1
DA:61,1
DA:62,1
DA:63,1
DA:64,1
DA:65,0
DA:66,0
DA:69,1
DA:70,1
DA:72,0
DA:73,0
DA:77,0
DA:79,0
DA:80,0
DA:82,0
DA:83,0
DA:85,0
DA:86,0
DA:87,0
DA:88,0
DA:92,0
DA:94,1
DA:95,0
DA:97,0
DA:98,0
DA:100,0
DA:101,0
DA:102,0
DA:104,0
DA:105,0
DA:109,0
DA:114,1
DA:115,0
DA:116,0
DA:117,0
DA:118,0
DA:119,0
DA:120,0
DA:124,0
DA:125,0
DA:126,0
DA:128,0
DA:129,0
DA:130,0
DA:132,0
DA:133,0
DA:137,0
DA:142,1
DA:144,1
DA:145,1
DA:146,1
LF:98
LH:32
BRDA:2,0,0,1
BRDA:2,0,1,1
BRDA:2,0,2,1
BRDA:4,1,0,1
BRDA:4,1,1,0
BRDA:4,1,2,0
BRDA:4,1,3,0
BRDA:6,2,0,0
BRDA:6,2,1,0
BRDA:12,3,0,0
BRDA:12,3,1,1
BRDA:15,4,0,1
BRDA:15,4,1,1
BRDA:15,4,2,1
BRDA:16,5,0,1
BRDA:16,5,1,0
BRDA:19,6,0,1
BRDA:19,6,1,1
BRDA:19,6,2,1
BRDA:20,7,0,0
BRDA:20,7,1,0
BRDA:23,8,0,0
BRDA:23,8,1,0
BRDA:24,9,0,0
BRDA:24,9,1,0
BRDA:27,10,0,1
BRDA:27,10,1,1
BRDA:27,10,2,1
BRDA:28,11,0,0
BRDA:28,11,1,0
BRDA:29,12,0,0
BRDA:29,12,1,0
BRDA:32,13,0,0
BRDA:32,13,1,0
BRDA:34,14,0,0
BRDA:34,14,1,0
BRDA:34,15,0,0
BRDA:34,15,1,0
BRDA:34,15,2,0
BRDA:34,16,0,0
BRDA:34,16,1,0
BRDA:34,17,0,0
BRDA:34,17,1,0
BRDA:34,18,0,0
BRDA:34,18,1,0
BRDA:34,19,0,0
BRDA:34,19,1,0
BRDA:35,20,0,0
BRDA:35,20,1,0
BRDA:36,21,0,0
BRDA:36,21,1,0
BRDA:36,21,2,0
BRDA:36,21,3,0
BRDA:36,21,4,0
BRDA:36,21,5,0
BRDA:42,22,0,0
BRDA:42,22,1,0
BRDA:42,23,0,0
BRDA:42,23,1,0
BRDA:42,23,2,0
BRDA:42,24,0,0
BRDA:42,24,1,0
BRDA:43,25,0,0
BRDA:43,25,1,0
BRDA:43,26,0,0
BRDA:43,26,1,0
BRDA:43,26,2,0
BRDA:43,26,3,0
BRDA:44,27,0,0
BRDA:44,27,1,0
BRDA:44,28,0,0
BRDA:44,28,1,0
BRDA:45,29,0,0
BRDA:45,29,1,0
BRDA:45,30,0,0
BRDA:45,30,1,0
BRDA:46,31,0,0
BRDA:46,31,1,0
BRDA:51,32,0,0
BRDA:51,32,1,0
BRDA:51,33,0,0
BRDA:51,33,1,0
BRDA:72,34,0,0
BRDA:72,34,1,0
BRDA:72,34,2,0
BRDA:80,35,0,0
BRDA:80,35,1,0
BRDA:98,36,0,0
BRDA:98,36,1,0
BRDA:119,37,0,0
BRDA:119,37,1,0
BRDA:125,38,0,0
BRDA:125,38,1,0
BRDA:129,39,0,0
BRDA:129,39,1,0
BRDA:145,40,0,1
BRDA:145,40,1,1
BRF:97
BRH:17
end_of_record
TN:
SF:/Users/nahuel.scotti/code/singuerinc/x/artstagram/src/components/Image.tsx
FN:2,(anonymous_0)
FN:3,(anonymous_1)
FN:5,(anonymous_2)
FN:6,(anonymous_3)
FN:9,(anonymous_4)
FN:11,__
FN:15,(anonymous_6)
FN:26,(anonymous_7)
FN:27,(anonymous_8)
FN:29,Image
FN:35,(anonymous_10)
FN:38,(anonymous_11)
FN:43,(anonymous_12)
FN:46,(anonymous_13)
FN:58,(anonymous_14)
FNF:15
FNH:6
FNDA:1,(anonymous_0)
FNDA:1,(anonymous_1)
FNDA:0,(anonymous_2)
FNDA:0,(anonymous_3)
FNDA:1,(anonymous_4)
FNDA:1,__
FNDA:1,(anonymous_6)
FNDA:0,(anonymous_7)
FNDA:1,(anonymous_8)
FNDA:0,Image
FNDA:0,(anonymous_10)
FNDA:0,(anonymous_11)
FNDA:0,(anonymous_12)
FNDA:0,(anonymous_13)
FNDA:0,(anonymous_14)
DA:2,1
DA:3,1
DA:4,1
DA:5,0
DA:6,0
DA:7,1
DA:9,1
DA:10,1
DA:11,1
DA:12,1
DA:15,1
DA:16,1
DA:17,1
DA:19,1
DA:20,1
DA:21,1
DA:22,1
DA:23,1
DA:24,1
DA:25,1
DA:26,1
DA:27,1
DA:28,1
DA:30,0
DA:31,0
DA:35,0
DA:36,0
DA:38,0
DA:39,0
DA:41,0
DA:43,1
DA:44,0
DA:46,1
DA:47,0
DA:48,0
DA:49,0
DA:55,1
DA:57,1
DA:58,1
DA:59,0
DA:60,0
LF:41
LH:26
BRDA:2,0,0,1
BRDA:2,0,1,1
BRDA:2,0,2,1
BRDA:4,1,0,1
BRDA:4,1,1,0
BRDA:4,1,2,0
BRDA:4,1,3,0
BRDA:6,2,0,0
BRDA:6,2,1,0
BRDA:12,3,0,0
BRDA:12,3,1,1
BRDA:15,4,0,1
BRDA:15,4,1,1
BRDA:15,4,2,1
BRDA:16,5,0,1
BRDA:16,5,1,0
BRDA:30,6,0,0
BRDA:30,6,1,0
BRDA:30,6,2,0
BRDA:51,7,0,0
BRDA:51,7,1,0
BRDA:52,8,0,0
BRDA:52,8,1,0
BRDA:58,9,0,1
BRDA:58,9,1,1
BRF:25
BRH:11
end_of_record
TN:
SF:/Users/nahuel.scotti/code/singuerinc/x/artstagram/src/components/common/BackButton.tsx
FN:2,(anonymous_0)
FN:11,(anonymous_1)
FNF:2
FNH:1
FNDA:2,(anonymous_0)
FNDA:0,(anonymous_1)
DA:2,2
DA:3,2
DA:4,2
DA:6,2
DA:7,2
DA:8,2
DA:9,2
DA:10,2
DA:11,2
DA:12,0
DA:13,0
DA:18,2
DA:19,2
LF:13
LH:11
BRDA:2,0,0,2
BRDA:2,0,1,2
BRDA:2,0,2,2
BRDA:3,1,0,2
BRDA:3,1,1,0
BRDA:19,2,0,2
BRDA:19,2,1,2
BRF:7
BRH:6
end_of_record
TN:
SF:/Users/nahuel.scotti/code/singuerinc/x/artstagram/src/components/common/Spinner.tsx
FN:2,(anonymous_0)
FN:10,(anonymous_1)
FNF:2
FNH:2
FNDA:4,(anonymous_0)
FNDA:1,(anonymous_1)
DA:2,2
DA:3,4
DA:4,4
DA:6,2
DA:7,2
DA:8,2
DA:9,2
DA:10,2
DA:12,2
DA:13,2
DA:14,2
LF:11
LH:11
BRDA:2,0,0,2
BRDA:2,0,1,2
BRDA:2,0,2,2
BRDA:3,1,0,4
BRDA:3,1,1,0
BRDA:13,2,0,2
BRDA:13,2,1,2
BRDA:14,3,0,2
BRDA:14,3,1,2
BRF:9
BRH:8
end_of_record
TN:
SF:/Users/nahuel.scotti/code/singuerinc/x/artstagram/src/components/feed/Title.tsx
FN:2,(anonymous_0)
FN:11,(anonymous_1)
FN:14,(anonymous_2)
FNF:3
FNH:3
FNDA:1,(anonymous_0)
FNDA:4,(anonymous_1)
FNDA:2,(anonymous_2)
DA:2,1
DA:3,1
DA:4,1
DA:6,1
DA:7,1
DA:8,1
DA:9,1
DA:10,1
DA:11,1
DA:12,4
DA:14,1
DA:15,2
DA:16,2
DA:18,1
DA:19,1
LF:15
LH:15
BRDA:2,0,0,1
BRDA:2,0,1,1
BRDA:2,0,2,1
BRDA:3,1,0,1
BRDA:3,1,1,0
BRDA:12,2,0,2
BRDA:12,2,1,2
BRDA:19,3,0,1
BRDA:19,3,1,1
BRF:9
BRH:8
end_of_record
TN:
SF:/Users/nahuel.scotti/code/singuerinc/x/artstagram/src/components/feedItem/Cover.tsx
FN:2,(anonymous_0)
FN:3,(anonymous_1)
FN:5,(anonymous_2)
FN:6,(anonymous_3)
FN:9,(anonymous_4)
FN:11,__
FN:15,(anonymous_6)
FN:22,(anonymous_7)
FN:24,(anonymous_8)
FN:24,(anonymous_9)
FN:28,(anonymous_10)
FN:30,Cover
FN:35,(anonymous_12)
FN:41,(anonymous_13)
FN:49,(anonymous_14)
FNF:15
FNH:12
FNDA:2,(anonymous_0)
FNDA:2,(anonymous_1)
FNDA:0,(anonymous_2)
FNDA:0,(anonymous_3)
FNDA:2,(anonymous_4)
FNDA:2,__
FNDA:2,(anonymous_6)
FNDA:2,(anonymous_7)
FNDA:3,(anonymous_8)
FNDA:1,(anonymous_9)
FNDA:2,(anonymous_10)
FNDA:2,Cover
FNDA:0,(anonymous_12)
FNDA:2,(anonymous_13)
FNDA:1,(anonymous_14)
DA:2,2
DA:3,2
DA:4,2
DA:5,0
DA:6,0
DA:7,2
DA:9,2
DA:10,2
DA:11,2
DA:12,2
DA:15,2
DA:16,2
DA:17,2
DA:19,2
DA:20,2
DA:21,2
DA:22,2
DA:23,2
DA:24,3
DA:25,1
DA:27,2
DA:28,2
DA:29,2
DA:31,2
DA:32,2
DA:35,2
DA:36,0
DA:37,0
DA:39,2
DA:41,2
DA:42,2
DA:43,2
DA:44,2
DA:46,2
DA:48,2
DA:49,2
DA:50,1
DA:51,1
LF:38
LH:34
BRDA:2,0,0,2
BRDA:2,0,1,2
BRDA:2,0,2,2
BRDA:4,1,0,2
BRDA:4,1,1,0
BRDA:4,1,2,0
BRDA:4,1,3,0
BRDA:6,2,0,0
BRDA:6,2,1,0
BRDA:12,3,0,0
BRDA:12,3,1,2
BRDA:15,4,0,2
BRDA:15,4,1,2
BRDA:15,4,2,2
BRDA:16,5,0,2
BRDA:16,5,1,0
BRDA:31,6,0,2
BRDA:31,6,1,2
BRDA:31,6,2,2
BRDA:49,7,0,2
BRDA:49,7,1,2
BRDA:51,8,0,0
BRDA:51,8,1,1
BRF:23
BRH:15
end_of_record
TN:
SF:/Users/nahuel.scotti/code/singuerinc/x/artstagram/src/components/feedItem/FakeFeedItem.tsx
FN:2,(anonymous_0)
FN:12,(anonymous_1)
FNF:2
FNH:1
FNDA:3,(anonymous_0)
FNDA:0,(anonymous_1)
DA:2,1
DA:3,3
DA:4,3
DA:6,1
DA:7,1
DA:8,1
DA:9,1
DA:10,1
DA:11,1
DA:12,1
DA:21,1
DA:22,1
DA:23,1
DA:24,1
LF:14
LH:14
BRDA:2,0,0,1
BRDA:2,0,1,1
BRDA:2,0,2,1
BRDA:3,1,0,3
BRDA:3,1,1,0
BRDA:22,2,0,1
BRDA:22,2,1,1
BRDA:23,3,0,1
BRDA:23,3,1,1
BRDA:24,4,0,1
BRDA:24,4,1,1
BRF:11
BRH:10
end_of_record
TN:
SF:/Users/nahuel.scotti/code/singuerinc/x/artstagram/src/components/feedItem/FeedItem.tsx
FN:2,(anonymous_0)
FN:3,(anonymous_1)
FN:5,(anonymous_2)
FN:6,(anonymous_3)
FN:9,(anonymous_4)
FN:11,__
FN:15,(anonymous_6)
FN:27,(anonymous_7)
FN:29,FeedItem
FN:36,(anonymous_9)
FN:44,(anonymous_10)
FNF:11
FNH:6
FNDA:1,(anonymous_0)
FNDA:1,(anonymous_1)
FNDA:0,(anonymous_2)
FNDA:0,(anonymous_3)
FNDA:1,(anonymous_4)
FNDA:1,__
FNDA:1,(anonymous_6)
FNDA:1,(anonymous_7)
FNDA:0,FeedItem
FNDA:0,(anonymous_9)
FNDA:0,(anonymous_10)
DA:2,1
DA:3,1
DA:4,1
DA:5,0
DA:6,0
DA:7,1
DA:9,1
DA:10,1
DA:11,1
DA:12,1
DA:15,1
DA:16,1
DA:17,1
DA:19,1
DA:20,1
DA:21,1
DA:22,1
DA:23,1
DA:24,1
DA:25,1
DA:26,1
DA:27,1
DA:28,1
DA:30,0
DA:31,0
DA:34,0
DA:36,1
DA:37,0
DA:38,0
DA:39,0
DA:40,0
DA:41,0
DA:42,0
DA:45,0
DA:46,0
DA:52,1
DA:54,1
DA:55,1
LF:38
LH:25
BRDA:2,0,0,1
BRDA:2,0,1,1
BRDA:2,0,2,1
BRDA:4,1,0,1
BRDA:4,1,1,0
BRDA:4,1,2,0
BRDA:4,1,3,0
BRDA:6,2,0,0
BRDA:6,2,1,0
BRDA:12,3,0,0
BRDA:12,3,1,1
BRDA:15,4,0,1
BRDA:15,4,1,1
BRDA:15,4,2,1
BRDA:16,5,0,1
BRDA:16,5,1,0
BRDA:30,6,0,0
BRDA:30,6,1,0
BRDA:30,6,2,0
BRDA:45,7,0,0
BRDA:45,7,1,0
BRDA:55,8,0,1
BRDA:55,8,1,1
BRF:23
BRH:11
end_of_record
TN:
SF:/Users/nahuel.scotti/code/singuerinc/x/artstagram/src/components/feedItem/FeedItemFooter.tsx
FN:2,(anonymous_0)
FN:11,(anonymous_1)
FNF:2
FNH:2
FNDA:4,(anonymous_0)
FNDA:1,(anonymous_1)
DA:2,2
DA:3,4
DA:4,4
DA:6,2
DA:7,2
DA:8,2
DA:9,2
DA:10,2
DA:11,2
DA:12,1
DA:13,1
DA:19,2
DA:20,2
DA:21,2
DA:22,2
DA:23,2
LF:16
LH:16
BRDA:2,0,0,2
BRDA:2,0,1,2
BRDA:2,0,2,2
BRDA:3,1,0,4
BRDA:3,1,1,0
BRDA:17,2,0,1
BRDA:17,2,1,1
BRDA:20,3,0,2
BRDA:20,3,1,2
BRDA:22,4,0,2
BRDA:22,4,1,2
BRF:11
BRH:10
end_of_record
TN:
SF:/Users/nahuel.scotti/code/singuerinc/x/artstagram/src/components/feedItem/FeedItemHeader.tsx
FN:2,(anonymous_0)
FN:11,(anonymous_1)
FNF:2
FNH:2
FNDA:8,(anonymous_0)
FNDA:1,(anonymous_1)
DA:2,2
DA:3,8
DA:4,8
DA:6,2
DA:7,2
DA:8,2
DA:9,2
DA:10,2
DA:11,2
DA:12,1
DA:13,1
DA:20,2
DA:21,2
DA:22,2
DA:23,2
DA:24,2
DA:25,2
DA:26,2
DA:27,2
DA:28,2
LF:20
LH:20
BRDA:2,0,0,2
BRDA:2,0,1,2
BRDA:2,0,2,2
BRDA:3,1,0,8
BRDA:3,1,1,0
BRDA:21,2,0,2
BRDA:21,2,1,2
BRDA:23,3,0,2
BRDA:23,3,1,2
BRDA:25,4,0,2
BRDA:25,4,1,2
BRDA:27,5,0,2
BRDA:27,5,1,2
BRF:13
BRH:12
end_of_record
TN:
SF:/Users/nahuel.scotti/code/singuerinc/x/artstagram/src/components/feedItem/MatureContentLayer.tsx
FN:2,(anonymous_0)
FN:10,(anonymous_1)
FNF:2
FNH:2
FNDA:4,(anonymous_0)
FNDA:2,(anonymous_1)
DA:2,2
DA:3,4
DA:4,4
DA:6,2
DA:7,2
DA:8,2
DA:9,2
DA:10,2
DA:11,2
DA:12,2
DA:18,2
DA:19,2
DA:20,2
LF:13
LH:13
BRDA:2,0,0,2
BRDA:2,0,1,2
BRDA:2,0,2,2
BRDA:3,1,0,4
BRDA:3,1,1,0
BRDA:19,2,0,2
BRDA:19,2,1,2
BRDA:20,3,0,2
BRDA:20,3,1,2
BRF:9
BRH:8
end_of_record
TN:
SF:/Users/nahuel.scotti/code/singuerinc/x/artstagram/src/components/feedItem/ShareButton.tsx
FN:2,(anonymous_0)
FN:10,(anonymous_1)
FN:12,(anonymous_2)
FNF:3
FNH:3
FNDA:3,(anonymous_0)
FNDA:2,(anonymous_1)
FNDA:1,(anonymous_2)
DA:2,3
DA:3,3
DA:4,3
DA:6,3
DA:7,3
DA:8,3
DA:9,3
DA:10,3
DA:11,2
DA:12,2
DA:13,1
DA:22,3
DA:23,3
DA:24,3
LF:14
LH:14
BRDA:2,0,0,3
BRDA:2,0,1,3
BRDA:2,0,2,3
BRDA:3,1,0,3
BRDA:3,1,1,0
BRDA:23,2,0,3
BRDA:23,2,1,3
BRF:7
BRH:6
end_of_record
TN:
SF:/Users/nahuel.scotti/code/singuerinc/x/artstagram/src/components/feedItem/__tests__/art.fixture.ts
FNF:0
FNH:0
DA:2,2
DA:3,2
LF:2
LH:2
BRF:0
BRH:0
end_of_record
TN:
SF:/Users/nahuel.scotti/code/singuerinc/x/artstagram/src/components/userProfile/UserProfile.tsx
FN:2,(anonymous_0)
FN:3,(anonymous_1)
FN:5,(anonymous_2)
FN:6,(anonymous_3)
FN:9,(anonymous_4)
FN:11,__
FN:15,(anonymous_6)
FN:26,(anonymous_7)
FN:27,(anonymous_8)
FN:29,UserProfile
FN:32,(anonymous_10)
FN:35,(anonymous_11)
FN:40,(anonymous_12)
FNF:13
FNH:10
FNDA:1,(anonymous_0)
FNDA:1,(anonymous_1)
FNDA:0,(anonymous_2)
FNDA:0,(anonymous_3)
FNDA:1,(anonymous_4)
FNDA:1,__
FNDA:7,(anonymous_6)
FNDA:1,(anonymous_7)
FNDA:1,(anonymous_8)
FNDA:1,UserProfile
FNDA:1,(anonymous_10)
FNDA:1,(anonymous_11)
FNDA:0,(anonymous_12)
DA:2,1
DA:3,1
DA:4,1
DA:5,0
DA:6,0
DA:7,1
DA:9,1
DA:10,1
DA:11,1
DA:12,1
DA:15,1
DA:16,7
DA:17,7
DA:19,1
DA:20,1
DA:21,1
DA:22,1
DA:23,1
DA:24,1
DA:25,1
DA:26,1
DA:27,1
DA:28,1
DA:30,1
DA:32,1
DA:33,1
DA:35,1
DA:36,1
DA:37,1
DA:38,1
DA:39,1
DA:40,0
DA:53,1
DA:55,1
DA:56,1
DA:57,1
DA:64,1
DA:65,1
DA:66,1
DA:67,1
DA:68,1
DA:69,1
DA:70,1
DA:71,1
DA:72,1
DA:73,1
LF:46
LH:43
BRDA:2,0,0,1
BRDA:2,0,1,1
BRDA:2,0,2,1
BRDA:4,1,0,1
BRDA:4,1,1,0
BRDA:4,1,2,0
BRDA:4,1,3,0
BRDA:6,2,0,0
BRDA:6,2,1,0
BRDA:12,3,0,0
BRDA:12,3,1,1
BRDA:15,4,0,1
BRDA:15,4,1,1
BRDA:15,4,2,1
BRDA:16,5,0,7
BRDA:16,5,1,0
BRDA:30,6,0,1
BRDA:30,6,1,1
BRDA:30,6,2,1
BRDA:44,7,0,1
BRDA:44,7,1,0
BRDA:56,8,0,1
BRDA:56,8,1,1
BRDA:57,9,0,1
BRDA:57,9,1,1
BRDA:64,10,0,1
BRDA:64,10,1,1
BRDA:66,11,0,1
BRDA:66,11,1,1
BRDA:68,12,0,1
BRDA:68,12,1,1
BRDA:70,13,0,1
BRDA:70,13,1,1
BRDA:72,14,0,1
BRDA:72,14,1,1
BRF:35
BRH:27
end_of_record
TN:
SF:/Users/nahuel.scotti/code/singuerinc/x/artstagram/src/components/userProfile/__tests__/user.fixture.ts
FNF:0
FNH:0
DA:2,1
DA:3,1
LF:2
LH:2
BRF:0
BRH:0
end_of_record
TN:
SF:/Users/nahuel.scotti/code/singuerinc/x/artstagram/src/services/api.ts
FN:2,(anonymous_0)
FN:3,(anonymous_1)
FN:4,fulfilled
FN:5,rejected
FN:6,step
FN:6,(anonymous_5)
FN:10,(anonymous_6)
FN:11,(anonymous_7)
FN:12,(anonymous_8)
FN:13,verb
FN:13,(anonymous_10)
FN:14,step
FN:41,(anonymous_12)
FN:43,(anonymous_13)
FN:46,(anonymous_14)
FN:47,(anonymous_15)
FN:47,(anonymous_16)
FN:49,(anonymous_17)
FNF:18
FNH:0
FNDA:0,(anonymous_0)
FNDA:0,(anonymous_1)
FNDA:0,fulfilled
FNDA:0,rejected
FNDA:0,step
FNDA:0,(anonymous_5)
FNDA:0,(anonymous_6)
FNDA:0,(anonymous_7)
FNDA:0,(anonymous_8)
FNDA:0,verb
FNDA:0,(anonymous_10)
FNDA:0,step
FNDA:0,(anonymous_12)
FNDA:0,(anonymous_13)
FNDA:0,(anonymous_14)
FNDA:0,(anonymous_15)
FNDA:0,(anonymous_16)
FNDA:0,(anonymous_17)
DA:2,1
DA:3,0
DA:4,0
DA:5,0
DA:6,0
DA:7,0
DA:10,1
DA:11,0
DA:12,0
DA:13,0
DA:15,0
DA:16,0
DA:17,0
DA:18,0
DA:19,0
DA:20,0
DA:21,0
DA:22,0
DA:23,0
DA:25,0
DA:26,0
DA:27,0
DA:28,0
DA:29,0
DA:30,0
DA:32,0
DA:33,0
DA:34,0
DA:37,1
DA:38,1
DA:39,1
DA:40,1
DA:41,1
DA:42,0
DA:43,0
DA:46,1
DA:47,1
DA:49,0
DA:50,0
DA:52,0
DA:53,0
DA:54,0
DA:56,0
DA:57,0
DA:61,1
LF:45
LH:10
BRDA:2,0,0,1
BRDA:2,0,1,1
BRDA:2,0,2,1
BRDA:3,1,0,0
BRDA:3,1,1,0
BRDA:6,2,0,0
BRDA:6,2,1,0
BRDA:7,3,0,0
BRDA:7,3,1,0
BRDA:10,4,0,1
BRDA:10,4,1,1
BRDA:10,4,2,1
BRDA:11,5,0,0
BRDA:11,5,1,0
BRDA:12,6,0,0
BRDA:12,6,1,0
BRDA:15,7,0,0
BRDA:15,7,1,0
BRDA:17,8,0,0
BRDA:17,8,1,0
BRDA:17,9,0,0
BRDA:17,9,1,0
BRDA:17,9,2,0
BRDA:17,10,0,0
BRDA:17,10,1,0
BRDA:17,11,0,0
BRDA:17,11,1,0
BRDA:17,12,0,0
BRDA:17,12,1,0
BRDA:17,13,0,0
BRDA:17,13,1,0
BRDA:18,14,0,0
BRDA:18,14,1,0
BRDA:19,15,0,0
BRDA:19,15,1,0
BRDA:19,15,2,0
BRDA:19,15,3,0
BRDA:19,15,4,0
BRDA:19,15,5,0
BRDA:25,16,0,0
BRDA:25,16,1,0
BRDA:25,17,0,0
BRDA:25,17,1,0
BRDA:25,17,2,0
BRDA:25,18,0,0
BRDA:25,18,1,0
BRDA:26,19,0,0
BRDA:26,19,1,0
BRDA:26,20,0,0
BRDA:26,20,1,0
BRDA:26,20,2,0
BRDA:26,20,3,0
BRDA:27,21,0,0
BRDA:27,21,1,0
BRDA:27,22,0,0
BRDA:27,22,1,0
BRDA:28,23,0,0
BRDA:28,23,1,0
BRDA:28,24,0,0
BRDA:28,24,1,0
BRDA:29,25,0,0
BRDA:29,25,1,0
BRDA:34,26,0,0
BRDA:34,26,1,0
BRDA:34,27,0,0
BRDA:34,27,1,0
BRDA:50,28,0,0
BRDA:50,28,1,0
BRDA:52,29,0,0
BRDA:52,29,1,0
BRDA:53,30,0,0
BRDA:53,30,1,0
BRF:72
BRH:6
end_of_record
